Model name : EmbeddedNetV1
Dataset : Rice_Single_leaf_blade_OOD
[2025-01-13 14:31:50,799][root][INFO] - creating E:\hjTan\Documents\CODE_SPACE\stm32ai-modelzoo-2.0.0\experiments_outputs\mlruns\346417397403045321\49811fbe381743bdae0e66d3ddc750d3\artifacts\tensorboard_logs\metrics
[2025-01-13 14:31:50,804][root][INFO] - copying E:\hjTan\Documents\CODE_SPACE\stm32ai-modelzoo-2.0.0\experiments_outputs\2025_01_13_14_20_25\logs\metrics\events.out.tfevents.1736745632.THJ-PC.105860.0.v2 -> E:\hjTan\Documents\CODE_SPACE\stm32ai-modelzoo-2.0.0\experiments_outputs\mlruns\346417397403045321\49811fbe381743bdae0e66d3ddc750d3\artifacts\tensorboard_logs\metrics
[2025-01-13 14:31:50,805][root][INFO] - copying E:\hjTan\Documents\CODE_SPACE\stm32ai-modelzoo-2.0.0\experiments_outputs\2025_01_13_14_20_25\logs\metrics\train_metrics.csv -> E:\hjTan\Documents\CODE_SPACE\stm32ai-modelzoo-2.0.0\experiments_outputs\mlruns\346417397403045321\49811fbe381743bdae0e66d3ddc750d3\artifacts\tensorboard_logs\metrics
[2025-01-13 14:31:50,806][root][INFO] - creating E:\hjTan\Documents\CODE_SPACE\stm32ai-modelzoo-2.0.0\experiments_outputs\mlruns\346417397403045321\49811fbe381743bdae0e66d3ddc750d3\artifacts\tensorboard_logs\train
[2025-01-13 14:31:50,808][root][INFO] - copying E:\hjTan\Documents\CODE_SPACE\stm32ai-modelzoo-2.0.0\experiments_outputs\2025_01_13_14_20_25\logs\train\events.out.tfevents.1736745632.THJ-PC.105860.1.v2 -> E:\hjTan\Documents\CODE_SPACE\stm32ai-modelzoo-2.0.0\experiments_outputs\mlruns\346417397403045321\49811fbe381743bdae0e66d3ddc750d3\artifacts\tensorboard_logs\train
[2025-01-13 14:31:50,808][root][INFO] - creating E:\hjTan\Documents\CODE_SPACE\stm32ai-modelzoo-2.0.0\experiments_outputs\mlruns\346417397403045321\49811fbe381743bdae0e66d3ddc750d3\artifacts\tensorboard_logs\validation
[2025-01-13 14:31:50,808][root][INFO] - copying E:\hjTan\Documents\CODE_SPACE\stm32ai-modelzoo-2.0.0\experiments_outputs\2025_01_13_14_20_25\logs\validation\events.out.tfevents.1736745647.THJ-PC.105860.2.v2 -> E:\hjTan\Documents\CODE_SPACE\stm32ai-modelzoo-2.0.0\experiments_outputs\mlruns\346417397403045321\49811fbe381743bdae0e66d3ddc750d3\artifacts\tensorboard_logs\validation

The last epoch history :
['epoch', 'accuracy', 'loss', 'lr', 'val_accuracy', 'val_loss']
['99', '0.8621369004249573', '0.3478381931781769', '0.001', '0.8562992215156555', '0.39537373185157776']

Training runtime : 677 s
Average time per epoch : 6.77 s

Float model :
Accuracy of float model : 88.19 %
Loss of float model : 0.36 
[2025-01-13 14:31:55,008][root][INFO] - creating E:\hjTan\Documents\CODE_SPACE\stm32ai-modelzoo-2.0.0\experiments_outputs\mlruns\346417397403045321\49811fbe381743bdae0e66d3ddc750d3\artifacts\2025_01_13_14_20_25\.hydra
[2025-01-13 14:31:55,009][root][INFO] - copying E:\hjTan\Documents\CODE_SPACE\stm32ai-modelzoo-2.0.0\experiments_outputs\2025_01_13_14_20_25\.hydra\config.yaml -> E:\hjTan\Documents\CODE_SPACE\stm32ai-modelzoo-2.0.0\experiments_outputs\mlruns\346417397403045321\49811fbe381743bdae0e66d3ddc750d3\artifacts\2025_01_13_14_20_25\.hydra
[2025-01-13 14:31:55,010][root][INFO] - copying E:\hjTan\Documents\CODE_SPACE\stm32ai-modelzoo-2.0.0\experiments_outputs\2025_01_13_14_20_25\.hydra\hydra.yaml -> E:\hjTan\Documents\CODE_SPACE\stm32ai-modelzoo-2.0.0\experiments_outputs\mlruns\346417397403045321\49811fbe381743bdae0e66d3ddc750d3\artifacts\2025_01_13_14_20_25\.hydra
[2025-01-13 14:31:55,010][root][INFO] - copying E:\hjTan\Documents\CODE_SPACE\stm32ai-modelzoo-2.0.0\experiments_outputs\2025_01_13_14_20_25\.hydra\overrides.yaml -> E:\hjTan\Documents\CODE_SPACE\stm32ai-modelzoo-2.0.0\experiments_outputs\mlruns\346417397403045321\49811fbe381743bdae0e66d3ddc750d3\artifacts\2025_01_13_14_20_25\.hydra
[2025-01-13 14:31:55,010][root][INFO] - copying E:\hjTan\Documents\CODE_SPACE\stm32ai-modelzoo-2.0.0\experiments_outputs\2025_01_13_14_20_25\EmbeddedNetV1_width0.5.png -> E:\hjTan\Documents\CODE_SPACE\stm32ai-modelzoo-2.0.0\experiments_outputs\mlruns\346417397403045321\49811fbe381743bdae0e66d3ddc750d3\artifacts\2025_01_13_14_20_25
[2025-01-13 14:31:55,013][root][INFO] - copying E:\hjTan\Documents\CODE_SPACE\stm32ai-modelzoo-2.0.0\experiments_outputs\2025_01_13_14_20_25\float_model_confusion_matrix_validation_set.png -> E:\hjTan\Documents\CODE_SPACE\stm32ai-modelzoo-2.0.0\experiments_outputs\mlruns\346417397403045321\49811fbe381743bdae0e66d3ddc750d3\artifacts\2025_01_13_14_20_25
[2025-01-13 14:31:55,014][root][INFO] - copying E:\hjTan\Documents\CODE_SPACE\stm32ai-modelzoo-2.0.0\experiments_outputs\2025_01_13_14_20_25\layers.png -> E:\hjTan\Documents\CODE_SPACE\stm32ai-modelzoo-2.0.0\experiments_outputs\mlruns\346417397403045321\49811fbe381743bdae0e66d3ddc750d3\artifacts\2025_01_13_14_20_25
[2025-01-13 14:31:55,015][root][INFO] - creating E:\hjTan\Documents\CODE_SPACE\stm32ai-modelzoo-2.0.0\experiments_outputs\mlruns\346417397403045321\49811fbe381743bdae0e66d3ddc750d3\artifacts\2025_01_13_14_20_25\logs
[2025-01-13 14:31:55,016][root][INFO] - creating E:\hjTan\Documents\CODE_SPACE\stm32ai-modelzoo-2.0.0\experiments_outputs\mlruns\346417397403045321\49811fbe381743bdae0e66d3ddc750d3\artifacts\2025_01_13_14_20_25\logs\metrics
[2025-01-13 14:31:55,017][root][INFO] - copying E:\hjTan\Documents\CODE_SPACE\stm32ai-modelzoo-2.0.0\experiments_outputs\2025_01_13_14_20_25\logs\metrics\events.out.tfevents.1736745632.THJ-PC.105860.0.v2 -> E:\hjTan\Documents\CODE_SPACE\stm32ai-modelzoo-2.0.0\experiments_outputs\mlruns\346417397403045321\49811fbe381743bdae0e66d3ddc750d3\artifacts\2025_01_13_14_20_25\logs\metrics
[2025-01-13 14:31:55,018][root][INFO] - copying E:\hjTan\Documents\CODE_SPACE\stm32ai-modelzoo-2.0.0\experiments_outputs\2025_01_13_14_20_25\logs\metrics\train_metrics.csv -> E:\hjTan\Documents\CODE_SPACE\stm32ai-modelzoo-2.0.0\experiments_outputs\mlruns\346417397403045321\49811fbe381743bdae0e66d3ddc750d3\artifacts\2025_01_13_14_20_25\logs\metrics
[2025-01-13 14:31:55,019][root][INFO] - creating E:\hjTan\Documents\CODE_SPACE\stm32ai-modelzoo-2.0.0\experiments_outputs\mlruns\346417397403045321\49811fbe381743bdae0e66d3ddc750d3\artifacts\2025_01_13_14_20_25\logs\train
[2025-01-13 14:31:55,020][root][INFO] - copying E:\hjTan\Documents\CODE_SPACE\stm32ai-modelzoo-2.0.0\experiments_outputs\2025_01_13_14_20_25\logs\train\events.out.tfevents.1736745632.THJ-PC.105860.1.v2 -> E:\hjTan\Documents\CODE_SPACE\stm32ai-modelzoo-2.0.0\experiments_outputs\mlruns\346417397403045321\49811fbe381743bdae0e66d3ddc750d3\artifacts\2025_01_13_14_20_25\logs\train
[2025-01-13 14:31:55,020][root][INFO] - creating E:\hjTan\Documents\CODE_SPACE\stm32ai-modelzoo-2.0.0\experiments_outputs\mlruns\346417397403045321\49811fbe381743bdae0e66d3ddc750d3\artifacts\2025_01_13_14_20_25\logs\validation
[2025-01-13 14:31:55,020][root][INFO] - copying E:\hjTan\Documents\CODE_SPACE\stm32ai-modelzoo-2.0.0\experiments_outputs\2025_01_13_14_20_25\logs\validation\events.out.tfevents.1736745647.THJ-PC.105860.2.v2 -> E:\hjTan\Documents\CODE_SPACE\stm32ai-modelzoo-2.0.0\experiments_outputs\mlruns\346417397403045321\49811fbe381743bdae0e66d3ddc750d3\artifacts\2025_01_13_14_20_25\logs\validation
[2025-01-13 14:31:55,020][root][INFO] - creating E:\hjTan\Documents\CODE_SPACE\stm32ai-modelzoo-2.0.0\experiments_outputs\mlruns\346417397403045321\49811fbe381743bdae0e66d3ddc750d3\artifacts\2025_01_13_14_20_25\saved_models
[2025-01-13 14:31:55,024][root][INFO] - copying E:\hjTan\Documents\CODE_SPACE\stm32ai-modelzoo-2.0.0\experiments_outputs\2025_01_13_14_20_25\saved_models\best_augmented_model.h5 -> E:\hjTan\Documents\CODE_SPACE\stm32ai-modelzoo-2.0.0\experiments_outputs\mlruns\346417397403045321\49811fbe381743bdae0e66d3ddc750d3\artifacts\2025_01_13_14_20_25\saved_models
[2025-01-13 14:31:55,027][root][INFO] - copying E:\hjTan\Documents\CODE_SPACE\stm32ai-modelzoo-2.0.0\experiments_outputs\2025_01_13_14_20_25\saved_models\best_model.h5 -> E:\hjTan\Documents\CODE_SPACE\stm32ai-modelzoo-2.0.0\experiments_outputs\mlruns\346417397403045321\49811fbe381743bdae0e66d3ddc750d3\artifacts\2025_01_13_14_20_25\saved_models
[2025-01-13 14:31:55,029][root][INFO] - copying E:\hjTan\Documents\CODE_SPACE\stm32ai-modelzoo-2.0.0\experiments_outputs\2025_01_13_14_20_25\saved_models\last_augmented_model.h5 -> E:\hjTan\Documents\CODE_SPACE\stm32ai-modelzoo-2.0.0\experiments_outputs\mlruns\346417397403045321\49811fbe381743bdae0e66d3ddc750d3\artifacts\2025_01_13_14_20_25\saved_models
[2025-01-13 14:31:55,032][root][INFO] - copying E:\hjTan\Documents\CODE_SPACE\stm32ai-modelzoo-2.0.0\experiments_outputs\2025_01_13_14_20_25\stm32ai_main.log -> E:\hjTan\Documents\CODE_SPACE\stm32ai-modelzoo-2.0.0\experiments_outputs\mlruns\346417397403045321\49811fbe381743bdae0e66d3ddc750d3\artifacts\2025_01_13_14_20_25
[2025-01-13 14:31:55,033][root][INFO] - copying E:\hjTan\Documents\CODE_SPACE\stm32ai-modelzoo-2.0.0\experiments_outputs\2025_01_13_14_20_25\Training_curves.png -> E:\hjTan\Documents\CODE_SPACE\stm32ai-modelzoo-2.0.0\experiments_outputs\mlruns\346417397403045321\49811fbe381743bdae0e66d3ddc750d3\artifacts\2025_01_13_14_20_25
Stm32ai version : 8.1.0
Benchmarking board : NUCLEO-H743ZI2
RAM Activations : 592.41 KiB
Flash weights : 1011.15 KiB
MACCs : 19.843 M

Quantized model :
Accuracy of quantized model : 87.89 %
Stm32ai version : 8.1.0
Benchmarking board : NUCLEO-H743ZI2
RAM Activations : 152.93 KiB
Flash weights : 262.98 KiB
MACCs : 19.197 M
