Model name : fdmobilenet
Dataset : Rice_Leaf_Disease
[2025-01-05 13:39:16,098][tensorflow][WARNING] - Callback method `on_train_batch_end` is slow compared to the batch time (batch time: 0.0173s vs `on_train_batch_end` time: 0.0352s). Check your callbacks.
[2025-01-05 14:12:51,497][root][INFO] - creating E:\hjTan\Documents\CODE_SPACE\stm32ai-modelzoo-2.0.0\experiments_outputs\mlruns\346417397403045321\7caff2eb4d6f4632a19c45f4a1e98382\artifacts\tensorboard_logs\metrics
[2025-01-05 14:12:51,499][root][INFO] - copying E:\hjTan\Documents\CODE_SPACE\stm32ai-modelzoo-2.0.0\experiments_outputs\2025_01_05_13_38_54\logs\metrics\events.out.tfevents.1736051952.THJ-PC.19852.0.v2 -> E:\hjTan\Documents\CODE_SPACE\stm32ai-modelzoo-2.0.0\experiments_outputs\mlruns\346417397403045321\7caff2eb4d6f4632a19c45f4a1e98382\artifacts\tensorboard_logs\metrics
[2025-01-05 14:12:51,500][root][INFO] - copying E:\hjTan\Documents\CODE_SPACE\stm32ai-modelzoo-2.0.0\experiments_outputs\2025_01_05_13_38_54\logs\metrics\train_metrics.csv -> E:\hjTan\Documents\CODE_SPACE\stm32ai-modelzoo-2.0.0\experiments_outputs\mlruns\346417397403045321\7caff2eb4d6f4632a19c45f4a1e98382\artifacts\tensorboard_logs\metrics
[2025-01-05 14:12:51,501][root][INFO] - creating E:\hjTan\Documents\CODE_SPACE\stm32ai-modelzoo-2.0.0\experiments_outputs\mlruns\346417397403045321\7caff2eb4d6f4632a19c45f4a1e98382\artifacts\tensorboard_logs\train
[2025-01-05 14:12:51,502][root][INFO] - copying E:\hjTan\Documents\CODE_SPACE\stm32ai-modelzoo-2.0.0\experiments_outputs\2025_01_05_13_38_54\logs\train\events.out.tfevents.1736051952.THJ-PC.19852.1.v2 -> E:\hjTan\Documents\CODE_SPACE\stm32ai-modelzoo-2.0.0\experiments_outputs\mlruns\346417397403045321\7caff2eb4d6f4632a19c45f4a1e98382\artifacts\tensorboard_logs\train
[2025-01-05 14:12:51,503][root][INFO] - creating E:\hjTan\Documents\CODE_SPACE\stm32ai-modelzoo-2.0.0\experiments_outputs\mlruns\346417397403045321\7caff2eb4d6f4632a19c45f4a1e98382\artifacts\tensorboard_logs\validation
[2025-01-05 14:12:51,504][root][INFO] - copying E:\hjTan\Documents\CODE_SPACE\stm32ai-modelzoo-2.0.0\experiments_outputs\2025_01_05_13_38_54\logs\validation\events.out.tfevents.1736051969.THJ-PC.19852.2.v2 -> E:\hjTan\Documents\CODE_SPACE\stm32ai-modelzoo-2.0.0\experiments_outputs\mlruns\346417397403045321\7caff2eb4d6f4632a19c45f4a1e98382\artifacts\tensorboard_logs\validation

The last epoch history :
['epoch', 'accuracy', 'loss', 'lr', 'val_accuracy', 'val_loss']
['99', '0.9859881401062012', '0.05256308242678642', '0.001', '0.9712852239608765', '0.1019476056098938']

Training runtime : 2018 s
Average time per epoch : 20.18 s

Float model :
Accuracy of float model : 97.91 %
Loss of float model : 0.08 
[2025-01-05 14:13:01,513][root][INFO] - creating E:\hjTan\Documents\CODE_SPACE\stm32ai-modelzoo-2.0.0\experiments_outputs\mlruns\346417397403045321\7caff2eb4d6f4632a19c45f4a1e98382\artifacts\2025_01_05_13_38_54\.hydra
[2025-01-05 14:13:01,515][root][INFO] - copying E:\hjTan\Documents\CODE_SPACE\stm32ai-modelzoo-2.0.0\experiments_outputs\2025_01_05_13_38_54\.hydra\config.yaml -> E:\hjTan\Documents\CODE_SPACE\stm32ai-modelzoo-2.0.0\experiments_outputs\mlruns\346417397403045321\7caff2eb4d6f4632a19c45f4a1e98382\artifacts\2025_01_05_13_38_54\.hydra
[2025-01-05 14:13:01,516][root][INFO] - copying E:\hjTan\Documents\CODE_SPACE\stm32ai-modelzoo-2.0.0\experiments_outputs\2025_01_05_13_38_54\.hydra\hydra.yaml -> E:\hjTan\Documents\CODE_SPACE\stm32ai-modelzoo-2.0.0\experiments_outputs\mlruns\346417397403045321\7caff2eb4d6f4632a19c45f4a1e98382\artifacts\2025_01_05_13_38_54\.hydra
[2025-01-05 14:13:01,516][root][INFO] - copying E:\hjTan\Documents\CODE_SPACE\stm32ai-modelzoo-2.0.0\experiments_outputs\2025_01_05_13_38_54\.hydra\overrides.yaml -> E:\hjTan\Documents\CODE_SPACE\stm32ai-modelzoo-2.0.0\experiments_outputs\mlruns\346417397403045321\7caff2eb4d6f4632a19c45f4a1e98382\artifacts\2025_01_05_13_38_54\.hydra
[2025-01-05 14:13:01,517][root][INFO] - copying E:\hjTan\Documents\CODE_SPACE\stm32ai-modelzoo-2.0.0\experiments_outputs\2025_01_05_13_38_54\fd_mobilenet_0.50.png -> E:\hjTan\Documents\CODE_SPACE\stm32ai-modelzoo-2.0.0\experiments_outputs\mlruns\346417397403045321\7caff2eb4d6f4632a19c45f4a1e98382\artifacts\2025_01_05_13_38_54
[2025-01-05 14:13:01,518][root][INFO] - copying E:\hjTan\Documents\CODE_SPACE\stm32ai-modelzoo-2.0.0\experiments_outputs\2025_01_05_13_38_54\float_model_confusion_matrix_validation_set.png -> E:\hjTan\Documents\CODE_SPACE\stm32ai-modelzoo-2.0.0\experiments_outputs\mlruns\346417397403045321\7caff2eb4d6f4632a19c45f4a1e98382\artifacts\2025_01_05_13_38_54
[2025-01-05 14:13:01,519][root][INFO] - copying E:\hjTan\Documents\CODE_SPACE\stm32ai-modelzoo-2.0.0\experiments_outputs\2025_01_05_13_38_54\layers.png -> E:\hjTan\Documents\CODE_SPACE\stm32ai-modelzoo-2.0.0\experiments_outputs\mlruns\346417397403045321\7caff2eb4d6f4632a19c45f4a1e98382\artifacts\2025_01_05_13_38_54
[2025-01-05 14:13:01,520][root][INFO] - creating E:\hjTan\Documents\CODE_SPACE\stm32ai-modelzoo-2.0.0\experiments_outputs\mlruns\346417397403045321\7caff2eb4d6f4632a19c45f4a1e98382\artifacts\2025_01_05_13_38_54\logs
[2025-01-05 14:13:01,521][root][INFO] - creating E:\hjTan\Documents\CODE_SPACE\stm32ai-modelzoo-2.0.0\experiments_outputs\mlruns\346417397403045321\7caff2eb4d6f4632a19c45f4a1e98382\artifacts\2025_01_05_13_38_54\logs\metrics
[2025-01-05 14:13:01,523][root][INFO] - copying E:\hjTan\Documents\CODE_SPACE\stm32ai-modelzoo-2.0.0\experiments_outputs\2025_01_05_13_38_54\logs\metrics\events.out.tfevents.1736051952.THJ-PC.19852.0.v2 -> E:\hjTan\Documents\CODE_SPACE\stm32ai-modelzoo-2.0.0\experiments_outputs\mlruns\346417397403045321\7caff2eb4d6f4632a19c45f4a1e98382\artifacts\2025_01_05_13_38_54\logs\metrics
[2025-01-05 14:13:01,524][root][INFO] - copying E:\hjTan\Documents\CODE_SPACE\stm32ai-modelzoo-2.0.0\experiments_outputs\2025_01_05_13_38_54\logs\metrics\train_metrics.csv -> E:\hjTan\Documents\CODE_SPACE\stm32ai-modelzoo-2.0.0\experiments_outputs\mlruns\346417397403045321\7caff2eb4d6f4632a19c45f4a1e98382\artifacts\2025_01_05_13_38_54\logs\metrics
[2025-01-05 14:13:01,524][root][INFO] - creating E:\hjTan\Documents\CODE_SPACE\stm32ai-modelzoo-2.0.0\experiments_outputs\mlruns\346417397403045321\7caff2eb4d6f4632a19c45f4a1e98382\artifacts\2025_01_05_13_38_54\logs\train
[2025-01-05 14:13:01,526][root][INFO] - copying E:\hjTan\Documents\CODE_SPACE\stm32ai-modelzoo-2.0.0\experiments_outputs\2025_01_05_13_38_54\logs\train\events.out.tfevents.1736051952.THJ-PC.19852.1.v2 -> E:\hjTan\Documents\CODE_SPACE\stm32ai-modelzoo-2.0.0\experiments_outputs\mlruns\346417397403045321\7caff2eb4d6f4632a19c45f4a1e98382\artifacts\2025_01_05_13_38_54\logs\train
[2025-01-05 14:13:01,527][root][INFO] - creating E:\hjTan\Documents\CODE_SPACE\stm32ai-modelzoo-2.0.0\experiments_outputs\mlruns\346417397403045321\7caff2eb4d6f4632a19c45f4a1e98382\artifacts\2025_01_05_13_38_54\logs\validation
[2025-01-05 14:13:01,528][root][INFO] - copying E:\hjTan\Documents\CODE_SPACE\stm32ai-modelzoo-2.0.0\experiments_outputs\2025_01_05_13_38_54\logs\validation\events.out.tfevents.1736051969.THJ-PC.19852.2.v2 -> E:\hjTan\Documents\CODE_SPACE\stm32ai-modelzoo-2.0.0\experiments_outputs\mlruns\346417397403045321\7caff2eb4d6f4632a19c45f4a1e98382\artifacts\2025_01_05_13_38_54\logs\validation
[2025-01-05 14:13:01,529][root][INFO] - creating E:\hjTan\Documents\CODE_SPACE\stm32ai-modelzoo-2.0.0\experiments_outputs\mlruns\346417397403045321\7caff2eb4d6f4632a19c45f4a1e98382\artifacts\2025_01_05_13_38_54\saved_models
[2025-01-05 14:13:01,531][root][INFO] - copying E:\hjTan\Documents\CODE_SPACE\stm32ai-modelzoo-2.0.0\experiments_outputs\2025_01_05_13_38_54\saved_models\best_augmented_model.h5 -> E:\hjTan\Documents\CODE_SPACE\stm32ai-modelzoo-2.0.0\experiments_outputs\mlruns\346417397403045321\7caff2eb4d6f4632a19c45f4a1e98382\artifacts\2025_01_05_13_38_54\saved_models
[2025-01-05 14:13:01,535][root][INFO] - copying E:\hjTan\Documents\CODE_SPACE\stm32ai-modelzoo-2.0.0\experiments_outputs\2025_01_05_13_38_54\saved_models\best_model.h5 -> E:\hjTan\Documents\CODE_SPACE\stm32ai-modelzoo-2.0.0\experiments_outputs\mlruns\346417397403045321\7caff2eb4d6f4632a19c45f4a1e98382\artifacts\2025_01_05_13_38_54\saved_models
[2025-01-05 14:13:01,538][root][INFO] - copying E:\hjTan\Documents\CODE_SPACE\stm32ai-modelzoo-2.0.0\experiments_outputs\2025_01_05_13_38_54\saved_models\last_augmented_model.h5 -> E:\hjTan\Documents\CODE_SPACE\stm32ai-modelzoo-2.0.0\experiments_outputs\mlruns\346417397403045321\7caff2eb4d6f4632a19c45f4a1e98382\artifacts\2025_01_05_13_38_54\saved_models
[2025-01-05 14:13:01,544][root][INFO] - copying E:\hjTan\Documents\CODE_SPACE\stm32ai-modelzoo-2.0.0\experiments_outputs\2025_01_05_13_38_54\stm32ai_main.log -> E:\hjTan\Documents\CODE_SPACE\stm32ai-modelzoo-2.0.0\experiments_outputs\mlruns\346417397403045321\7caff2eb4d6f4632a19c45f4a1e98382\artifacts\2025_01_05_13_38_54
[2025-01-05 14:13:01,544][root][INFO] - copying E:\hjTan\Documents\CODE_SPACE\stm32ai-modelzoo-2.0.0\experiments_outputs\2025_01_05_13_38_54\Training_curves.png -> E:\hjTan\Documents\CODE_SPACE\stm32ai-modelzoo-2.0.0\experiments_outputs\mlruns\346417397403045321\7caff2eb4d6f4632a19c45f4a1e98382\artifacts\2025_01_05_13_38_54
Stm32ai version : 8.1.0
Benchmarking board : NUCLEO-H743ZI2
RAM Activations : 799.0 KiB
Flash weights : 1883.29 KiB
MACCs : 40.194 M

Quantized model :
Accuracy of quantized model : 97.85 %
Stm32ai version : 8.1.0
Benchmarking board : NUCLEO-H743ZI2
RAM Activations : 206.88 KiB
Flash weights : 482.38 KiB
MACCs : 39.956 M
