<<<<<<< HEAD
Model name : mobilenet
Dataset : Skin
[2025-07-22 13:55:15,591][root][INFO] - creating E:\hjTan\Documents\CODE_SPACE\stm32ai-modelzoo-2.0.0\experiments_outputs\mlruns\777438690690171049\9d5c8bd4c1924553bf803c62aa8aeda6\artifacts\tensorboard_logs\metrics
[2025-07-22 13:55:15,593][root][INFO] - copying E:\hjTan\Documents\CODE_SPACE\stm32ai-modelzoo-2.0.0\experiments_outputs\2025_07_22_12_52_20\logs\metrics\events.out.tfevents.1753156346.THJ-PC.32432.0.v2 -> E:\hjTan\Documents\CODE_SPACE\stm32ai-modelzoo-2.0.0\experiments_outputs\mlruns\777438690690171049\9d5c8bd4c1924553bf803c62aa8aeda6\artifacts\tensorboard_logs\metrics
[2025-07-22 13:55:15,593][root][INFO] - copying E:\hjTan\Documents\CODE_SPACE\stm32ai-modelzoo-2.0.0\experiments_outputs\2025_07_22_12_52_20\logs\metrics\train_metrics.csv -> E:\hjTan\Documents\CODE_SPACE\stm32ai-modelzoo-2.0.0\experiments_outputs\mlruns\777438690690171049\9d5c8bd4c1924553bf803c62aa8aeda6\artifacts\tensorboard_logs\metrics
[2025-07-22 13:55:15,595][root][INFO] - creating E:\hjTan\Documents\CODE_SPACE\stm32ai-modelzoo-2.0.0\experiments_outputs\mlruns\777438690690171049\9d5c8bd4c1924553bf803c62aa8aeda6\artifacts\tensorboard_logs\train
[2025-07-22 13:55:15,596][root][INFO] - copying E:\hjTan\Documents\CODE_SPACE\stm32ai-modelzoo-2.0.0\experiments_outputs\2025_07_22_12_52_20\logs\train\events.out.tfevents.1753156346.THJ-PC.32432.1.v2 -> E:\hjTan\Documents\CODE_SPACE\stm32ai-modelzoo-2.0.0\experiments_outputs\mlruns\777438690690171049\9d5c8bd4c1924553bf803c62aa8aeda6\artifacts\tensorboard_logs\train
[2025-07-22 13:55:15,598][root][INFO] - creating E:\hjTan\Documents\CODE_SPACE\stm32ai-modelzoo-2.0.0\experiments_outputs\mlruns\777438690690171049\9d5c8bd4c1924553bf803c62aa8aeda6\artifacts\tensorboard_logs\validation
[2025-07-22 13:55:15,599][root][INFO] - copying E:\hjTan\Documents\CODE_SPACE\stm32ai-modelzoo-2.0.0\experiments_outputs\2025_07_22_12_52_20\logs\validation\events.out.tfevents.1753156372.THJ-PC.32432.2.v2 -> E:\hjTan\Documents\CODE_SPACE\stm32ai-modelzoo-2.0.0\experiments_outputs\mlruns\777438690690171049\9d5c8bd4c1924553bf803c62aa8aeda6\artifacts\tensorboard_logs\validation

The last epoch history :
['epoch', 'accuracy', 'loss', 'lr', 'val_accuracy', 'val_loss']
['199', '0.8939743638038635', '0.31879422068595886', '0.001', '0.7705128192901611', '1.1565830707550049']

Training runtime : 3769 s
Average time per epoch : 18.84 s

Float model :
Accuracy of float model : 78.59 %
Loss of float model : 1.03 

Float model :
Accuracy of float model : 80.9 %
Loss of float model : 0.76 
[2025-07-22 13:55:24,158][root][INFO] - creating E:\hjTan\Documents\CODE_SPACE\stm32ai-modelzoo-2.0.0\experiments_outputs\mlruns\777438690690171049\9d5c8bd4c1924553bf803c62aa8aeda6\artifacts\2025_07_22_12_52_20\.hydra
[2025-07-22 13:55:24,160][root][INFO] - copying E:\hjTan\Documents\CODE_SPACE\stm32ai-modelzoo-2.0.0\experiments_outputs\2025_07_22_12_52_20\.hydra\config.yaml -> E:\hjTan\Documents\CODE_SPACE\stm32ai-modelzoo-2.0.0\experiments_outputs\mlruns\777438690690171049\9d5c8bd4c1924553bf803c62aa8aeda6\artifacts\2025_07_22_12_52_20\.hydra
[2025-07-22 13:55:24,160][root][INFO] - copying E:\hjTan\Documents\CODE_SPACE\stm32ai-modelzoo-2.0.0\experiments_outputs\2025_07_22_12_52_20\.hydra\hydra.yaml -> E:\hjTan\Documents\CODE_SPACE\stm32ai-modelzoo-2.0.0\experiments_outputs\mlruns\777438690690171049\9d5c8bd4c1924553bf803c62aa8aeda6\artifacts\2025_07_22_12_52_20\.hydra
[2025-07-22 13:55:24,161][root][INFO] - copying E:\hjTan\Documents\CODE_SPACE\stm32ai-modelzoo-2.0.0\experiments_outputs\2025_07_22_12_52_20\.hydra\overrides.yaml -> E:\hjTan\Documents\CODE_SPACE\stm32ai-modelzoo-2.0.0\experiments_outputs\mlruns\777438690690171049\9d5c8bd4c1924553bf803c62aa8aeda6\artifacts\2025_07_22_12_52_20\.hydra
[2025-07-22 13:55:24,162][root][INFO] - copying E:\hjTan\Documents\CODE_SPACE\stm32ai-modelzoo-2.0.0\experiments_outputs\2025_07_22_12_52_20\float_model_confusion_matrix_test_set.png -> E:\hjTan\Documents\CODE_SPACE\stm32ai-modelzoo-2.0.0\experiments_outputs\mlruns\777438690690171049\9d5c8bd4c1924553bf803c62aa8aeda6\artifacts\2025_07_22_12_52_20
[2025-07-22 13:55:24,163][root][INFO] - copying E:\hjTan\Documents\CODE_SPACE\stm32ai-modelzoo-2.0.0\experiments_outputs\2025_07_22_12_52_20\float_model_confusion_matrix_validation_set.png -> E:\hjTan\Documents\CODE_SPACE\stm32ai-modelzoo-2.0.0\experiments_outputs\mlruns\777438690690171049\9d5c8bd4c1924553bf803c62aa8aeda6\artifacts\2025_07_22_12_52_20
[2025-07-22 13:55:24,164][root][INFO] - copying E:\hjTan\Documents\CODE_SPACE\stm32ai-modelzoo-2.0.0\experiments_outputs\2025_07_22_12_52_20\layers.png -> E:\hjTan\Documents\CODE_SPACE\stm32ai-modelzoo-2.0.0\experiments_outputs\mlruns\777438690690171049\9d5c8bd4c1924553bf803c62aa8aeda6\artifacts\2025_07_22_12_52_20
[2025-07-22 13:55:24,165][root][INFO] - creating E:\hjTan\Documents\CODE_SPACE\stm32ai-modelzoo-2.0.0\experiments_outputs\mlruns\777438690690171049\9d5c8bd4c1924553bf803c62aa8aeda6\artifacts\2025_07_22_12_52_20\logs
[2025-07-22 13:55:24,166][root][INFO] - creating E:\hjTan\Documents\CODE_SPACE\stm32ai-modelzoo-2.0.0\experiments_outputs\mlruns\777438690690171049\9d5c8bd4c1924553bf803c62aa8aeda6\artifacts\2025_07_22_12_52_20\logs\metrics
[2025-07-22 13:55:24,168][root][INFO] - copying E:\hjTan\Documents\CODE_SPACE\stm32ai-modelzoo-2.0.0\experiments_outputs\2025_07_22_12_52_20\logs\metrics\events.out.tfevents.1753156346.THJ-PC.32432.0.v2 -> E:\hjTan\Documents\CODE_SPACE\stm32ai-modelzoo-2.0.0\experiments_outputs\mlruns\777438690690171049\9d5c8bd4c1924553bf803c62aa8aeda6\artifacts\2025_07_22_12_52_20\logs\metrics
[2025-07-22 13:55:24,168][root][INFO] - copying E:\hjTan\Documents\CODE_SPACE\stm32ai-modelzoo-2.0.0\experiments_outputs\2025_07_22_12_52_20\logs\metrics\train_metrics.csv -> E:\hjTan\Documents\CODE_SPACE\stm32ai-modelzoo-2.0.0\experiments_outputs\mlruns\777438690690171049\9d5c8bd4c1924553bf803c62aa8aeda6\artifacts\2025_07_22_12_52_20\logs\metrics
[2025-07-22 13:55:24,169][root][INFO] - creating E:\hjTan\Documents\CODE_SPACE\stm32ai-modelzoo-2.0.0\experiments_outputs\mlruns\777438690690171049\9d5c8bd4c1924553bf803c62aa8aeda6\artifacts\2025_07_22_12_52_20\logs\train
[2025-07-22 13:55:24,170][root][INFO] - copying E:\hjTan\Documents\CODE_SPACE\stm32ai-modelzoo-2.0.0\experiments_outputs\2025_07_22_12_52_20\logs\train\events.out.tfevents.1753156346.THJ-PC.32432.1.v2 -> E:\hjTan\Documents\CODE_SPACE\stm32ai-modelzoo-2.0.0\experiments_outputs\mlruns\777438690690171049\9d5c8bd4c1924553bf803c62aa8aeda6\artifacts\2025_07_22_12_52_20\logs\train
[2025-07-22 13:55:24,173][root][INFO] - creating E:\hjTan\Documents\CODE_SPACE\stm32ai-modelzoo-2.0.0\experiments_outputs\mlruns\777438690690171049\9d5c8bd4c1924553bf803c62aa8aeda6\artifacts\2025_07_22_12_52_20\logs\validation
[2025-07-22 13:55:24,174][root][INFO] - copying E:\hjTan\Documents\CODE_SPACE\stm32ai-modelzoo-2.0.0\experiments_outputs\2025_07_22_12_52_20\logs\validation\events.out.tfevents.1753156372.THJ-PC.32432.2.v2 -> E:\hjTan\Documents\CODE_SPACE\stm32ai-modelzoo-2.0.0\experiments_outputs\mlruns\777438690690171049\9d5c8bd4c1924553bf803c62aa8aeda6\artifacts\2025_07_22_12_52_20\logs\validation
[2025-07-22 13:55:24,175][root][INFO] - copying E:\hjTan\Documents\CODE_SPACE\stm32ai-modelzoo-2.0.0\experiments_outputs\2025_07_22_12_52_20\mobilenet_v2_alpha_0.25.png -> E:\hjTan\Documents\CODE_SPACE\stm32ai-modelzoo-2.0.0\experiments_outputs\mlruns\777438690690171049\9d5c8bd4c1924553bf803c62aa8aeda6\artifacts\2025_07_22_12_52_20
[2025-07-22 13:55:24,176][root][INFO] - creating E:\hjTan\Documents\CODE_SPACE\stm32ai-modelzoo-2.0.0\experiments_outputs\mlruns\777438690690171049\9d5c8bd4c1924553bf803c62aa8aeda6\artifacts\2025_07_22_12_52_20\saved_models
[2025-07-22 13:55:24,178][root][INFO] - copying E:\hjTan\Documents\CODE_SPACE\stm32ai-modelzoo-2.0.0\experiments_outputs\2025_07_22_12_52_20\saved_models\best_augmented_model.h5 -> E:\hjTan\Documents\CODE_SPACE\stm32ai-modelzoo-2.0.0\experiments_outputs\mlruns\777438690690171049\9d5c8bd4c1924553bf803c62aa8aeda6\artifacts\2025_07_22_12_52_20\saved_models
[2025-07-22 13:55:24,182][root][INFO] - copying E:\hjTan\Documents\CODE_SPACE\stm32ai-modelzoo-2.0.0\experiments_outputs\2025_07_22_12_52_20\saved_models\best_model.h5 -> E:\hjTan\Documents\CODE_SPACE\stm32ai-modelzoo-2.0.0\experiments_outputs\mlruns\777438690690171049\9d5c8bd4c1924553bf803c62aa8aeda6\artifacts\2025_07_22_12_52_20\saved_models
[2025-07-22 13:55:24,184][root][INFO] - copying E:\hjTan\Documents\CODE_SPACE\stm32ai-modelzoo-2.0.0\experiments_outputs\2025_07_22_12_52_20\saved_models\last_augmented_model.h5 -> E:\hjTan\Documents\CODE_SPACE\stm32ai-modelzoo-2.0.0\experiments_outputs\mlruns\777438690690171049\9d5c8bd4c1924553bf803c62aa8aeda6\artifacts\2025_07_22_12_52_20\saved_models
[2025-07-22 13:55:24,188][root][INFO] - copying E:\hjTan\Documents\CODE_SPACE\stm32ai-modelzoo-2.0.0\experiments_outputs\2025_07_22_12_52_20\stm32ai_main.log -> E:\hjTan\Documents\CODE_SPACE\stm32ai-modelzoo-2.0.0\experiments_outputs\mlruns\777438690690171049\9d5c8bd4c1924553bf803c62aa8aeda6\artifacts\2025_07_22_12_52_20
[2025-07-22 13:55:24,189][root][INFO] - copying E:\hjTan\Documents\CODE_SPACE\stm32ai-modelzoo-2.0.0\experiments_outputs\2025_07_22_12_52_20\Training_curves.png -> E:\hjTan\Documents\CODE_SPACE\stm32ai-modelzoo-2.0.0\experiments_outputs\mlruns\777438690690171049\9d5c8bd4c1924553bf803c62aa8aeda6\artifacts\2025_07_22_12_52_20
Stm32ai version : 8.1.0
Benchmarking board : NUCLEO-H743ZI2
RAM Activations : 2401.19 KiB
Flash weights : 1104.46 KiB
MACCs : 40.345 M

Quantized model :
Accuracy of quantized model : 80.38 %
f1 of quantized model : 0.8015993447610202 
precision of quantized model : 0.8179007120314593 
recall of quantized model : 0.8038461538461538 
Stm32ai version : 8.1.0
Benchmarking board : NUCLEO-H743ZI2
RAM Activations : 606.92 KiB
Flash weights : 291.84 KiB
MACCs : 36.502 M
=======
Model name : mobilenet
Dataset : Skin
[2025-07-22 13:55:15,591][root][INFO] - creating E:\hjTan\Documents\CODE_SPACE\stm32ai-modelzoo-2.0.0\experiments_outputs\mlruns\777438690690171049\9d5c8bd4c1924553bf803c62aa8aeda6\artifacts\tensorboard_logs\metrics
[2025-07-22 13:55:15,593][root][INFO] - copying E:\hjTan\Documents\CODE_SPACE\stm32ai-modelzoo-2.0.0\experiments_outputs\2025_07_22_12_52_20\logs\metrics\events.out.tfevents.1753156346.THJ-PC.32432.0.v2 -> E:\hjTan\Documents\CODE_SPACE\stm32ai-modelzoo-2.0.0\experiments_outputs\mlruns\777438690690171049\9d5c8bd4c1924553bf803c62aa8aeda6\artifacts\tensorboard_logs\metrics
[2025-07-22 13:55:15,593][root][INFO] - copying E:\hjTan\Documents\CODE_SPACE\stm32ai-modelzoo-2.0.0\experiments_outputs\2025_07_22_12_52_20\logs\metrics\train_metrics.csv -> E:\hjTan\Documents\CODE_SPACE\stm32ai-modelzoo-2.0.0\experiments_outputs\mlruns\777438690690171049\9d5c8bd4c1924553bf803c62aa8aeda6\artifacts\tensorboard_logs\metrics
[2025-07-22 13:55:15,595][root][INFO] - creating E:\hjTan\Documents\CODE_SPACE\stm32ai-modelzoo-2.0.0\experiments_outputs\mlruns\777438690690171049\9d5c8bd4c1924553bf803c62aa8aeda6\artifacts\tensorboard_logs\train
[2025-07-22 13:55:15,596][root][INFO] - copying E:\hjTan\Documents\CODE_SPACE\stm32ai-modelzoo-2.0.0\experiments_outputs\2025_07_22_12_52_20\logs\train\events.out.tfevents.1753156346.THJ-PC.32432.1.v2 -> E:\hjTan\Documents\CODE_SPACE\stm32ai-modelzoo-2.0.0\experiments_outputs\mlruns\777438690690171049\9d5c8bd4c1924553bf803c62aa8aeda6\artifacts\tensorboard_logs\train
[2025-07-22 13:55:15,598][root][INFO] - creating E:\hjTan\Documents\CODE_SPACE\stm32ai-modelzoo-2.0.0\experiments_outputs\mlruns\777438690690171049\9d5c8bd4c1924553bf803c62aa8aeda6\artifacts\tensorboard_logs\validation
[2025-07-22 13:55:15,599][root][INFO] - copying E:\hjTan\Documents\CODE_SPACE\stm32ai-modelzoo-2.0.0\experiments_outputs\2025_07_22_12_52_20\logs\validation\events.out.tfevents.1753156372.THJ-PC.32432.2.v2 -> E:\hjTan\Documents\CODE_SPACE\stm32ai-modelzoo-2.0.0\experiments_outputs\mlruns\777438690690171049\9d5c8bd4c1924553bf803c62aa8aeda6\artifacts\tensorboard_logs\validation

The last epoch history :
['epoch', 'accuracy', 'loss', 'lr', 'val_accuracy', 'val_loss']
['199', '0.8939743638038635', '0.31879422068595886', '0.001', '0.7705128192901611', '1.1565830707550049']

Training runtime : 3769 s
Average time per epoch : 18.84 s

Float model :
Accuracy of float model : 78.59 %
Loss of float model : 1.03 

Float model :
Accuracy of float model : 80.9 %
Loss of float model : 0.76 
[2025-07-22 13:55:24,158][root][INFO] - creating E:\hjTan\Documents\CODE_SPACE\stm32ai-modelzoo-2.0.0\experiments_outputs\mlruns\777438690690171049\9d5c8bd4c1924553bf803c62aa8aeda6\artifacts\2025_07_22_12_52_20\.hydra
[2025-07-22 13:55:24,160][root][INFO] - copying E:\hjTan\Documents\CODE_SPACE\stm32ai-modelzoo-2.0.0\experiments_outputs\2025_07_22_12_52_20\.hydra\config.yaml -> E:\hjTan\Documents\CODE_SPACE\stm32ai-modelzoo-2.0.0\experiments_outputs\mlruns\777438690690171049\9d5c8bd4c1924553bf803c62aa8aeda6\artifacts\2025_07_22_12_52_20\.hydra
[2025-07-22 13:55:24,160][root][INFO] - copying E:\hjTan\Documents\CODE_SPACE\stm32ai-modelzoo-2.0.0\experiments_outputs\2025_07_22_12_52_20\.hydra\hydra.yaml -> E:\hjTan\Documents\CODE_SPACE\stm32ai-modelzoo-2.0.0\experiments_outputs\mlruns\777438690690171049\9d5c8bd4c1924553bf803c62aa8aeda6\artifacts\2025_07_22_12_52_20\.hydra
[2025-07-22 13:55:24,161][root][INFO] - copying E:\hjTan\Documents\CODE_SPACE\stm32ai-modelzoo-2.0.0\experiments_outputs\2025_07_22_12_52_20\.hydra\overrides.yaml -> E:\hjTan\Documents\CODE_SPACE\stm32ai-modelzoo-2.0.0\experiments_outputs\mlruns\777438690690171049\9d5c8bd4c1924553bf803c62aa8aeda6\artifacts\2025_07_22_12_52_20\.hydra
[2025-07-22 13:55:24,162][root][INFO] - copying E:\hjTan\Documents\CODE_SPACE\stm32ai-modelzoo-2.0.0\experiments_outputs\2025_07_22_12_52_20\float_model_confusion_matrix_test_set.png -> E:\hjTan\Documents\CODE_SPACE\stm32ai-modelzoo-2.0.0\experiments_outputs\mlruns\777438690690171049\9d5c8bd4c1924553bf803c62aa8aeda6\artifacts\2025_07_22_12_52_20
[2025-07-22 13:55:24,163][root][INFO] - copying E:\hjTan\Documents\CODE_SPACE\stm32ai-modelzoo-2.0.0\experiments_outputs\2025_07_22_12_52_20\float_model_confusion_matrix_validation_set.png -> E:\hjTan\Documents\CODE_SPACE\stm32ai-modelzoo-2.0.0\experiments_outputs\mlruns\777438690690171049\9d5c8bd4c1924553bf803c62aa8aeda6\artifacts\2025_07_22_12_52_20
[2025-07-22 13:55:24,164][root][INFO] - copying E:\hjTan\Documents\CODE_SPACE\stm32ai-modelzoo-2.0.0\experiments_outputs\2025_07_22_12_52_20\layers.png -> E:\hjTan\Documents\CODE_SPACE\stm32ai-modelzoo-2.0.0\experiments_outputs\mlruns\777438690690171049\9d5c8bd4c1924553bf803c62aa8aeda6\artifacts\2025_07_22_12_52_20
[2025-07-22 13:55:24,165][root][INFO] - creating E:\hjTan\Documents\CODE_SPACE\stm32ai-modelzoo-2.0.0\experiments_outputs\mlruns\777438690690171049\9d5c8bd4c1924553bf803c62aa8aeda6\artifacts\2025_07_22_12_52_20\logs
[2025-07-22 13:55:24,166][root][INFO] - creating E:\hjTan\Documents\CODE_SPACE\stm32ai-modelzoo-2.0.0\experiments_outputs\mlruns\777438690690171049\9d5c8bd4c1924553bf803c62aa8aeda6\artifacts\2025_07_22_12_52_20\logs\metrics
[2025-07-22 13:55:24,168][root][INFO] - copying E:\hjTan\Documents\CODE_SPACE\stm32ai-modelzoo-2.0.0\experiments_outputs\2025_07_22_12_52_20\logs\metrics\events.out.tfevents.1753156346.THJ-PC.32432.0.v2 -> E:\hjTan\Documents\CODE_SPACE\stm32ai-modelzoo-2.0.0\experiments_outputs\mlruns\777438690690171049\9d5c8bd4c1924553bf803c62aa8aeda6\artifacts\2025_07_22_12_52_20\logs\metrics
[2025-07-22 13:55:24,168][root][INFO] - copying E:\hjTan\Documents\CODE_SPACE\stm32ai-modelzoo-2.0.0\experiments_outputs\2025_07_22_12_52_20\logs\metrics\train_metrics.csv -> E:\hjTan\Documents\CODE_SPACE\stm32ai-modelzoo-2.0.0\experiments_outputs\mlruns\777438690690171049\9d5c8bd4c1924553bf803c62aa8aeda6\artifacts\2025_07_22_12_52_20\logs\metrics
[2025-07-22 13:55:24,169][root][INFO] - creating E:\hjTan\Documents\CODE_SPACE\stm32ai-modelzoo-2.0.0\experiments_outputs\mlruns\777438690690171049\9d5c8bd4c1924553bf803c62aa8aeda6\artifacts\2025_07_22_12_52_20\logs\train
[2025-07-22 13:55:24,170][root][INFO] - copying E:\hjTan\Documents\CODE_SPACE\stm32ai-modelzoo-2.0.0\experiments_outputs\2025_07_22_12_52_20\logs\train\events.out.tfevents.1753156346.THJ-PC.32432.1.v2 -> E:\hjTan\Documents\CODE_SPACE\stm32ai-modelzoo-2.0.0\experiments_outputs\mlruns\777438690690171049\9d5c8bd4c1924553bf803c62aa8aeda6\artifacts\2025_07_22_12_52_20\logs\train
[2025-07-22 13:55:24,173][root][INFO] - creating E:\hjTan\Documents\CODE_SPACE\stm32ai-modelzoo-2.0.0\experiments_outputs\mlruns\777438690690171049\9d5c8bd4c1924553bf803c62aa8aeda6\artifacts\2025_07_22_12_52_20\logs\validation
[2025-07-22 13:55:24,174][root][INFO] - copying E:\hjTan\Documents\CODE_SPACE\stm32ai-modelzoo-2.0.0\experiments_outputs\2025_07_22_12_52_20\logs\validation\events.out.tfevents.1753156372.THJ-PC.32432.2.v2 -> E:\hjTan\Documents\CODE_SPACE\stm32ai-modelzoo-2.0.0\experiments_outputs\mlruns\777438690690171049\9d5c8bd4c1924553bf803c62aa8aeda6\artifacts\2025_07_22_12_52_20\logs\validation
[2025-07-22 13:55:24,175][root][INFO] - copying E:\hjTan\Documents\CODE_SPACE\stm32ai-modelzoo-2.0.0\experiments_outputs\2025_07_22_12_52_20\mobilenet_v2_alpha_0.25.png -> E:\hjTan\Documents\CODE_SPACE\stm32ai-modelzoo-2.0.0\experiments_outputs\mlruns\777438690690171049\9d5c8bd4c1924553bf803c62aa8aeda6\artifacts\2025_07_22_12_52_20
[2025-07-22 13:55:24,176][root][INFO] - creating E:\hjTan\Documents\CODE_SPACE\stm32ai-modelzoo-2.0.0\experiments_outputs\mlruns\777438690690171049\9d5c8bd4c1924553bf803c62aa8aeda6\artifacts\2025_07_22_12_52_20\saved_models
[2025-07-22 13:55:24,178][root][INFO] - copying E:\hjTan\Documents\CODE_SPACE\stm32ai-modelzoo-2.0.0\experiments_outputs\2025_07_22_12_52_20\saved_models\best_augmented_model.h5 -> E:\hjTan\Documents\CODE_SPACE\stm32ai-modelzoo-2.0.0\experiments_outputs\mlruns\777438690690171049\9d5c8bd4c1924553bf803c62aa8aeda6\artifacts\2025_07_22_12_52_20\saved_models
[2025-07-22 13:55:24,182][root][INFO] - copying E:\hjTan\Documents\CODE_SPACE\stm32ai-modelzoo-2.0.0\experiments_outputs\2025_07_22_12_52_20\saved_models\best_model.h5 -> E:\hjTan\Documents\CODE_SPACE\stm32ai-modelzoo-2.0.0\experiments_outputs\mlruns\777438690690171049\9d5c8bd4c1924553bf803c62aa8aeda6\artifacts\2025_07_22_12_52_20\saved_models
[2025-07-22 13:55:24,184][root][INFO] - copying E:\hjTan\Documents\CODE_SPACE\stm32ai-modelzoo-2.0.0\experiments_outputs\2025_07_22_12_52_20\saved_models\last_augmented_model.h5 -> E:\hjTan\Documents\CODE_SPACE\stm32ai-modelzoo-2.0.0\experiments_outputs\mlruns\777438690690171049\9d5c8bd4c1924553bf803c62aa8aeda6\artifacts\2025_07_22_12_52_20\saved_models
[2025-07-22 13:55:24,188][root][INFO] - copying E:\hjTan\Documents\CODE_SPACE\stm32ai-modelzoo-2.0.0\experiments_outputs\2025_07_22_12_52_20\stm32ai_main.log -> E:\hjTan\Documents\CODE_SPACE\stm32ai-modelzoo-2.0.0\experiments_outputs\mlruns\777438690690171049\9d5c8bd4c1924553bf803c62aa8aeda6\artifacts\2025_07_22_12_52_20
[2025-07-22 13:55:24,189][root][INFO] - copying E:\hjTan\Documents\CODE_SPACE\stm32ai-modelzoo-2.0.0\experiments_outputs\2025_07_22_12_52_20\Training_curves.png -> E:\hjTan\Documents\CODE_SPACE\stm32ai-modelzoo-2.0.0\experiments_outputs\mlruns\777438690690171049\9d5c8bd4c1924553bf803c62aa8aeda6\artifacts\2025_07_22_12_52_20
Stm32ai version : 8.1.0
Benchmarking board : NUCLEO-H743ZI2
RAM Activations : 2401.19 KiB
Flash weights : 1104.46 KiB
MACCs : 40.345 M

Quantized model :
Accuracy of quantized model : 80.38 %
f1 of quantized model : 0.8015993447610202 
precision of quantized model : 0.8179007120314593 
recall of quantized model : 0.8038461538461538 
Stm32ai version : 8.1.0
Benchmarking board : NUCLEO-H743ZI2
RAM Activations : 606.92 KiB
Flash weights : 291.84 KiB
MACCs : 36.502 M
>>>>>>> 1460700 (com)
