Model name : mobilenet
Dataset : Rice_Leaf_Disease_OOD
[2025-01-07 10:48:23,929][tensorflow][WARNING] - Callback method `on_train_batch_end` is slow compared to the batch time (batch time: 0.0230s vs `on_train_batch_end` time: 0.0722s). Check your callbacks.
[2025-01-07 12:40:30,180][root][INFO] - creating E:\hjTan\Documents\CODE_SPACE\stm32ai-modelzoo-2.0.0\experiments_outputs\mlruns\346417397403045321\7c73f43f6bac4ae583509000016c8807\artifacts\tensorboard_logs\metrics
[2025-01-07 12:40:30,182][root][INFO] - copying E:\hjTan\Documents\CODE_SPACE\stm32ai-modelzoo-2.0.0\experiments_outputs\2025_01_07_10_47_52\logs\metrics\events.out.tfevents.1736214497.THJ-PC.9164.0.v2 -> E:\hjTan\Documents\CODE_SPACE\stm32ai-modelzoo-2.0.0\experiments_outputs\mlruns\346417397403045321\7c73f43f6bac4ae583509000016c8807\artifacts\tensorboard_logs\metrics
[2025-01-07 12:40:30,183][root][INFO] - copying E:\hjTan\Documents\CODE_SPACE\stm32ai-modelzoo-2.0.0\experiments_outputs\2025_01_07_10_47_52\logs\metrics\train_metrics.csv -> E:\hjTan\Documents\CODE_SPACE\stm32ai-modelzoo-2.0.0\experiments_outputs\mlruns\346417397403045321\7c73f43f6bac4ae583509000016c8807\artifacts\tensorboard_logs\metrics
[2025-01-07 12:40:30,185][root][INFO] - creating E:\hjTan\Documents\CODE_SPACE\stm32ai-modelzoo-2.0.0\experiments_outputs\mlruns\346417397403045321\7c73f43f6bac4ae583509000016c8807\artifacts\tensorboard_logs\train
[2025-01-07 12:40:30,185][root][INFO] - copying E:\hjTan\Documents\CODE_SPACE\stm32ai-modelzoo-2.0.0\experiments_outputs\2025_01_07_10_47_52\logs\train\events.out.tfevents.1736214497.THJ-PC.9164.1.v2 -> E:\hjTan\Documents\CODE_SPACE\stm32ai-modelzoo-2.0.0\experiments_outputs\mlruns\346417397403045321\7c73f43f6bac4ae583509000016c8807\artifacts\tensorboard_logs\train
[2025-01-07 12:40:30,187][root][INFO] - creating E:\hjTan\Documents\CODE_SPACE\stm32ai-modelzoo-2.0.0\experiments_outputs\mlruns\346417397403045321\7c73f43f6bac4ae583509000016c8807\artifacts\tensorboard_logs\validation
[2025-01-07 12:40:30,187][root][INFO] - copying E:\hjTan\Documents\CODE_SPACE\stm32ai-modelzoo-2.0.0\experiments_outputs\2025_01_07_10_47_52\logs\validation\events.out.tfevents.1736214528.THJ-PC.9164.2.v2 -> E:\hjTan\Documents\CODE_SPACE\stm32ai-modelzoo-2.0.0\experiments_outputs\mlruns\346417397403045321\7c73f43f6bac4ae583509000016c8807\artifacts\tensorboard_logs\validation

The last epoch history :
['epoch', 'accuracy', 'loss', 'lr', 'val_accuracy', 'val_loss']
['99', '0.9838193655014038', '0.05098920315504074', '0.001', '0.9648858904838562', '0.10855703800916672']

Training runtime : 6732 s
Average time per epoch : 67.32 s

Float model :
Accuracy of float model : 96.86 %
Loss of float model : 0.12 
[2025-01-07 12:40:42,374][root][INFO] - creating E:\hjTan\Documents\CODE_SPACE\stm32ai-modelzoo-2.0.0\experiments_outputs\mlruns\346417397403045321\7c73f43f6bac4ae583509000016c8807\artifacts\2025_01_07_10_47_52\.hydra
[2025-01-07 12:40:42,375][root][INFO] - copying E:\hjTan\Documents\CODE_SPACE\stm32ai-modelzoo-2.0.0\experiments_outputs\2025_01_07_10_47_52\.hydra\config.yaml -> E:\hjTan\Documents\CODE_SPACE\stm32ai-modelzoo-2.0.0\experiments_outputs\mlruns\346417397403045321\7c73f43f6bac4ae583509000016c8807\artifacts\2025_01_07_10_47_52\.hydra
[2025-01-07 12:40:42,379][root][INFO] - copying E:\hjTan\Documents\CODE_SPACE\stm32ai-modelzoo-2.0.0\experiments_outputs\2025_01_07_10_47_52\.hydra\hydra.yaml -> E:\hjTan\Documents\CODE_SPACE\stm32ai-modelzoo-2.0.0\experiments_outputs\mlruns\346417397403045321\7c73f43f6bac4ae583509000016c8807\artifacts\2025_01_07_10_47_52\.hydra
[2025-01-07 12:40:42,380][root][INFO] - copying E:\hjTan\Documents\CODE_SPACE\stm32ai-modelzoo-2.0.0\experiments_outputs\2025_01_07_10_47_52\.hydra\overrides.yaml -> E:\hjTan\Documents\CODE_SPACE\stm32ai-modelzoo-2.0.0\experiments_outputs\mlruns\346417397403045321\7c73f43f6bac4ae583509000016c8807\artifacts\2025_01_07_10_47_52\.hydra
[2025-01-07 12:40:42,383][root][INFO] - copying E:\hjTan\Documents\CODE_SPACE\stm32ai-modelzoo-2.0.0\experiments_outputs\2025_01_07_10_47_52\float_model_confusion_matrix_validation_set.png -> E:\hjTan\Documents\CODE_SPACE\stm32ai-modelzoo-2.0.0\experiments_outputs\mlruns\346417397403045321\7c73f43f6bac4ae583509000016c8807\artifacts\2025_01_07_10_47_52
[2025-01-07 12:40:42,384][root][INFO] - copying E:\hjTan\Documents\CODE_SPACE\stm32ai-modelzoo-2.0.0\experiments_outputs\2025_01_07_10_47_52\layers.png -> E:\hjTan\Documents\CODE_SPACE\stm32ai-modelzoo-2.0.0\experiments_outputs\mlruns\346417397403045321\7c73f43f6bac4ae583509000016c8807\artifacts\2025_01_07_10_47_52
[2025-01-07 12:40:42,385][root][INFO] - creating E:\hjTan\Documents\CODE_SPACE\stm32ai-modelzoo-2.0.0\experiments_outputs\mlruns\346417397403045321\7c73f43f6bac4ae583509000016c8807\artifacts\2025_01_07_10_47_52\logs
[2025-01-07 12:40:42,387][root][INFO] - creating E:\hjTan\Documents\CODE_SPACE\stm32ai-modelzoo-2.0.0\experiments_outputs\mlruns\346417397403045321\7c73f43f6bac4ae583509000016c8807\artifacts\2025_01_07_10_47_52\logs\metrics
[2025-01-07 12:40:42,388][root][INFO] - copying E:\hjTan\Documents\CODE_SPACE\stm32ai-modelzoo-2.0.0\experiments_outputs\2025_01_07_10_47_52\logs\metrics\events.out.tfevents.1736214497.THJ-PC.9164.0.v2 -> E:\hjTan\Documents\CODE_SPACE\stm32ai-modelzoo-2.0.0\experiments_outputs\mlruns\346417397403045321\7c73f43f6bac4ae583509000016c8807\artifacts\2025_01_07_10_47_52\logs\metrics
[2025-01-07 12:40:42,388][root][INFO] - copying E:\hjTan\Documents\CODE_SPACE\stm32ai-modelzoo-2.0.0\experiments_outputs\2025_01_07_10_47_52\logs\metrics\train_metrics.csv -> E:\hjTan\Documents\CODE_SPACE\stm32ai-modelzoo-2.0.0\experiments_outputs\mlruns\346417397403045321\7c73f43f6bac4ae583509000016c8807\artifacts\2025_01_07_10_47_52\logs\metrics
[2025-01-07 12:40:42,389][root][INFO] - creating E:\hjTan\Documents\CODE_SPACE\stm32ai-modelzoo-2.0.0\experiments_outputs\mlruns\346417397403045321\7c73f43f6bac4ae583509000016c8807\artifacts\2025_01_07_10_47_52\logs\train
[2025-01-07 12:40:42,390][root][INFO] - copying E:\hjTan\Documents\CODE_SPACE\stm32ai-modelzoo-2.0.0\experiments_outputs\2025_01_07_10_47_52\logs\train\events.out.tfevents.1736214497.THJ-PC.9164.1.v2 -> E:\hjTan\Documents\CODE_SPACE\stm32ai-modelzoo-2.0.0\experiments_outputs\mlruns\346417397403045321\7c73f43f6bac4ae583509000016c8807\artifacts\2025_01_07_10_47_52\logs\train
[2025-01-07 12:40:42,393][root][INFO] - creating E:\hjTan\Documents\CODE_SPACE\stm32ai-modelzoo-2.0.0\experiments_outputs\mlruns\346417397403045321\7c73f43f6bac4ae583509000016c8807\artifacts\2025_01_07_10_47_52\logs\validation
[2025-01-07 12:40:42,394][root][INFO] - copying E:\hjTan\Documents\CODE_SPACE\stm32ai-modelzoo-2.0.0\experiments_outputs\2025_01_07_10_47_52\logs\validation\events.out.tfevents.1736214528.THJ-PC.9164.2.v2 -> E:\hjTan\Documents\CODE_SPACE\stm32ai-modelzoo-2.0.0\experiments_outputs\mlruns\346417397403045321\7c73f43f6bac4ae583509000016c8807\artifacts\2025_01_07_10_47_52\logs\validation
[2025-01-07 12:40:42,395][root][INFO] - copying E:\hjTan\Documents\CODE_SPACE\stm32ai-modelzoo-2.0.0\experiments_outputs\2025_01_07_10_47_52\mobilenet_v2_alpha_0.25.png -> E:\hjTan\Documents\CODE_SPACE\stm32ai-modelzoo-2.0.0\experiments_outputs\mlruns\346417397403045321\7c73f43f6bac4ae583509000016c8807\artifacts\2025_01_07_10_47_52
[2025-01-07 12:40:42,397][root][INFO] - creating E:\hjTan\Documents\CODE_SPACE\stm32ai-modelzoo-2.0.0\experiments_outputs\mlruns\346417397403045321\7c73f43f6bac4ae583509000016c8807\artifacts\2025_01_07_10_47_52\saved_models
[2025-01-07 12:40:42,399][root][INFO] - copying E:\hjTan\Documents\CODE_SPACE\stm32ai-modelzoo-2.0.0\experiments_outputs\2025_01_07_10_47_52\saved_models\best_augmented_model.h5 -> E:\hjTan\Documents\CODE_SPACE\stm32ai-modelzoo-2.0.0\experiments_outputs\mlruns\346417397403045321\7c73f43f6bac4ae583509000016c8807\artifacts\2025_01_07_10_47_52\saved_models
[2025-01-07 12:40:42,402][root][INFO] - copying E:\hjTan\Documents\CODE_SPACE\stm32ai-modelzoo-2.0.0\experiments_outputs\2025_01_07_10_47_52\saved_models\best_model.h5 -> E:\hjTan\Documents\CODE_SPACE\stm32ai-modelzoo-2.0.0\experiments_outputs\mlruns\346417397403045321\7c73f43f6bac4ae583509000016c8807\artifacts\2025_01_07_10_47_52\saved_models
[2025-01-07 12:40:42,404][root][INFO] - copying E:\hjTan\Documents\CODE_SPACE\stm32ai-modelzoo-2.0.0\experiments_outputs\2025_01_07_10_47_52\saved_models\last_augmented_model.h5 -> E:\hjTan\Documents\CODE_SPACE\stm32ai-modelzoo-2.0.0\experiments_outputs\mlruns\346417397403045321\7c73f43f6bac4ae583509000016c8807\artifacts\2025_01_07_10_47_52\saved_models
[2025-01-07 12:40:42,407][root][INFO] - copying E:\hjTan\Documents\CODE_SPACE\stm32ai-modelzoo-2.0.0\experiments_outputs\2025_01_07_10_47_52\stm32ai_main.log -> E:\hjTan\Documents\CODE_SPACE\stm32ai-modelzoo-2.0.0\experiments_outputs\mlruns\346417397403045321\7c73f43f6bac4ae583509000016c8807\artifacts\2025_01_07_10_47_52
[2025-01-07 12:40:42,408][root][INFO] - copying E:\hjTan\Documents\CODE_SPACE\stm32ai-modelzoo-2.0.0\experiments_outputs\2025_01_07_10_47_52\Training_curves.png -> E:\hjTan\Documents\CODE_SPACE\stm32ai-modelzoo-2.0.0\experiments_outputs\mlruns\346417397403045321\7c73f43f6bac4ae583509000016c8807\artifacts\2025_01_07_10_47_52
Stm32ai version : 8.1.0
Benchmarking board : NUCLEO-H743ZI2
RAM Activations : 2401.19 KiB
Flash weights : 964.36 KiB
MACCs : 40.309 M

Quantized model :
Accuracy of quantized model : 96.91 %
Stm32ai version : 8.1.0
Benchmarking board : NUCLEO-H743ZI2
RAM Activations : 606.92 KiB
Flash weights : 256.73 KiB
MACCs : 36.465 M
