Model name : mobilenet
Dataset : Rice_Single_leaf_blade
[2025-01-04 22:36:26,152][tensorflow][WARNING] - Callback method `on_train_batch_end` is slow compared to the batch time (batch time: 0.0774s vs `on_train_batch_end` time: 0.0783s). Check your callbacks.
[2025-01-04 22:51:58,354][root][INFO] - creating E:\hjTan\Documents\CODE_SPACE\stm32ai-modelzoo-2.0.0\experiments_outputs\mlruns\346417397403045321\b2093a09e6154f65a9a8c210a3e34bff\artifacts\tensorboard_logs\metrics
[2025-01-04 22:51:58,356][root][INFO] - copying E:\hjTan\Documents\CODE_SPACE\stm32ai-modelzoo-2.0.0\experiments_outputs\2025_01_04_22_36_09\logs\metrics\events.out.tfevents.1735997776.THJ-PC.150788.0.v2 -> E:\hjTan\Documents\CODE_SPACE\stm32ai-modelzoo-2.0.0\experiments_outputs\mlruns\346417397403045321\b2093a09e6154f65a9a8c210a3e34bff\artifacts\tensorboard_logs\metrics
[2025-01-04 22:51:58,356][root][INFO] - copying E:\hjTan\Documents\CODE_SPACE\stm32ai-modelzoo-2.0.0\experiments_outputs\2025_01_04_22_36_09\logs\metrics\train_metrics.csv -> E:\hjTan\Documents\CODE_SPACE\stm32ai-modelzoo-2.0.0\experiments_outputs\mlruns\346417397403045321\b2093a09e6154f65a9a8c210a3e34bff\artifacts\tensorboard_logs\metrics
[2025-01-04 22:51:58,357][root][INFO] - creating E:\hjTan\Documents\CODE_SPACE\stm32ai-modelzoo-2.0.0\experiments_outputs\mlruns\346417397403045321\b2093a09e6154f65a9a8c210a3e34bff\artifacts\tensorboard_logs\train
[2025-01-04 22:51:58,358][root][INFO] - copying E:\hjTan\Documents\CODE_SPACE\stm32ai-modelzoo-2.0.0\experiments_outputs\2025_01_04_22_36_09\logs\train\events.out.tfevents.1735997776.THJ-PC.150788.1.v2 -> E:\hjTan\Documents\CODE_SPACE\stm32ai-modelzoo-2.0.0\experiments_outputs\mlruns\346417397403045321\b2093a09e6154f65a9a8c210a3e34bff\artifacts\tensorboard_logs\train
[2025-01-04 22:51:58,360][root][INFO] - creating E:\hjTan\Documents\CODE_SPACE\stm32ai-modelzoo-2.0.0\experiments_outputs\mlruns\346417397403045321\b2093a09e6154f65a9a8c210a3e34bff\artifacts\tensorboard_logs\validation
[2025-01-04 22:51:58,361][root][INFO] - copying E:\hjTan\Documents\CODE_SPACE\stm32ai-modelzoo-2.0.0\experiments_outputs\2025_01_04_22_36_09\logs\validation\events.out.tfevents.1735997793.THJ-PC.150788.2.v2 -> E:\hjTan\Documents\CODE_SPACE\stm32ai-modelzoo-2.0.0\experiments_outputs\mlruns\346417397403045321\b2093a09e6154f65a9a8c210a3e34bff\artifacts\tensorboard_logs\validation

The last epoch history :
['epoch', 'accuracy', 'loss', 'lr', 'val_accuracy', 'val_loss']
['99', '0.7878602147102356', '0.49305248260498047', '0.000100000005', '0.7879902124404907', '0.4738088846206665']

Training runtime : 941 s
Average time per epoch : 9.41 s

Float model :
Accuracy of float model : 79.66 %
Loss of float model : 0.48 
[2025-01-04 22:52:03,420][root][INFO] - creating E:\hjTan\Documents\CODE_SPACE\stm32ai-modelzoo-2.0.0\experiments_outputs\mlruns\346417397403045321\b2093a09e6154f65a9a8c210a3e34bff\artifacts\2025_01_04_22_36_09\.hydra
[2025-01-04 22:52:03,426][root][INFO] - copying E:\hjTan\Documents\CODE_SPACE\stm32ai-modelzoo-2.0.0\experiments_outputs\2025_01_04_22_36_09\.hydra\config.yaml -> E:\hjTan\Documents\CODE_SPACE\stm32ai-modelzoo-2.0.0\experiments_outputs\mlruns\346417397403045321\b2093a09e6154f65a9a8c210a3e34bff\artifacts\2025_01_04_22_36_09\.hydra
[2025-01-04 22:52:03,427][root][INFO] - copying E:\hjTan\Documents\CODE_SPACE\stm32ai-modelzoo-2.0.0\experiments_outputs\2025_01_04_22_36_09\.hydra\hydra.yaml -> E:\hjTan\Documents\CODE_SPACE\stm32ai-modelzoo-2.0.0\experiments_outputs\mlruns\346417397403045321\b2093a09e6154f65a9a8c210a3e34bff\artifacts\2025_01_04_22_36_09\.hydra
[2025-01-04 22:52:03,428][root][INFO] - copying E:\hjTan\Documents\CODE_SPACE\stm32ai-modelzoo-2.0.0\experiments_outputs\2025_01_04_22_36_09\.hydra\overrides.yaml -> E:\hjTan\Documents\CODE_SPACE\stm32ai-modelzoo-2.0.0\experiments_outputs\mlruns\346417397403045321\b2093a09e6154f65a9a8c210a3e34bff\artifacts\2025_01_04_22_36_09\.hydra
[2025-01-04 22:52:03,429][root][INFO] - copying E:\hjTan\Documents\CODE_SPACE\stm32ai-modelzoo-2.0.0\experiments_outputs\2025_01_04_22_36_09\float_model_confusion_matrix_validation_set.png -> E:\hjTan\Documents\CODE_SPACE\stm32ai-modelzoo-2.0.0\experiments_outputs\mlruns\346417397403045321\b2093a09e6154f65a9a8c210a3e34bff\artifacts\2025_01_04_22_36_09
[2025-01-04 22:52:03,429][root][INFO] - copying E:\hjTan\Documents\CODE_SPACE\stm32ai-modelzoo-2.0.0\experiments_outputs\2025_01_04_22_36_09\layers.png -> E:\hjTan\Documents\CODE_SPACE\stm32ai-modelzoo-2.0.0\experiments_outputs\mlruns\346417397403045321\b2093a09e6154f65a9a8c210a3e34bff\artifacts\2025_01_04_22_36_09
[2025-01-04 22:52:03,430][root][INFO] - creating E:\hjTan\Documents\CODE_SPACE\stm32ai-modelzoo-2.0.0\experiments_outputs\mlruns\346417397403045321\b2093a09e6154f65a9a8c210a3e34bff\artifacts\2025_01_04_22_36_09\logs
[2025-01-04 22:52:03,432][root][INFO] - creating E:\hjTan\Documents\CODE_SPACE\stm32ai-modelzoo-2.0.0\experiments_outputs\mlruns\346417397403045321\b2093a09e6154f65a9a8c210a3e34bff\artifacts\2025_01_04_22_36_09\logs\metrics
[2025-01-04 22:52:03,432][root][INFO] - copying E:\hjTan\Documents\CODE_SPACE\stm32ai-modelzoo-2.0.0\experiments_outputs\2025_01_04_22_36_09\logs\metrics\events.out.tfevents.1735997776.THJ-PC.150788.0.v2 -> E:\hjTan\Documents\CODE_SPACE\stm32ai-modelzoo-2.0.0\experiments_outputs\mlruns\346417397403045321\b2093a09e6154f65a9a8c210a3e34bff\artifacts\2025_01_04_22_36_09\logs\metrics
[2025-01-04 22:52:03,432][root][INFO] - copying E:\hjTan\Documents\CODE_SPACE\stm32ai-modelzoo-2.0.0\experiments_outputs\2025_01_04_22_36_09\logs\metrics\train_metrics.csv -> E:\hjTan\Documents\CODE_SPACE\stm32ai-modelzoo-2.0.0\experiments_outputs\mlruns\346417397403045321\b2093a09e6154f65a9a8c210a3e34bff\artifacts\2025_01_04_22_36_09\logs\metrics
[2025-01-04 22:52:03,432][root][INFO] - creating E:\hjTan\Documents\CODE_SPACE\stm32ai-modelzoo-2.0.0\experiments_outputs\mlruns\346417397403045321\b2093a09e6154f65a9a8c210a3e34bff\artifacts\2025_01_04_22_36_09\logs\train
[2025-01-04 22:52:03,432][root][INFO] - copying E:\hjTan\Documents\CODE_SPACE\stm32ai-modelzoo-2.0.0\experiments_outputs\2025_01_04_22_36_09\logs\train\events.out.tfevents.1735997776.THJ-PC.150788.1.v2 -> E:\hjTan\Documents\CODE_SPACE\stm32ai-modelzoo-2.0.0\experiments_outputs\mlruns\346417397403045321\b2093a09e6154f65a9a8c210a3e34bff\artifacts\2025_01_04_22_36_09\logs\train
[2025-01-04 22:52:03,438][root][INFO] - creating E:\hjTan\Documents\CODE_SPACE\stm32ai-modelzoo-2.0.0\experiments_outputs\mlruns\346417397403045321\b2093a09e6154f65a9a8c210a3e34bff\artifacts\2025_01_04_22_36_09\logs\validation
[2025-01-04 22:52:03,439][root][INFO] - copying E:\hjTan\Documents\CODE_SPACE\stm32ai-modelzoo-2.0.0\experiments_outputs\2025_01_04_22_36_09\logs\validation\events.out.tfevents.1735997793.THJ-PC.150788.2.v2 -> E:\hjTan\Documents\CODE_SPACE\stm32ai-modelzoo-2.0.0\experiments_outputs\mlruns\346417397403045321\b2093a09e6154f65a9a8c210a3e34bff\artifacts\2025_01_04_22_36_09\logs\validation
[2025-01-04 22:52:03,440][root][INFO] - copying E:\hjTan\Documents\CODE_SPACE\stm32ai-modelzoo-2.0.0\experiments_outputs\2025_01_04_22_36_09\mobilenet_v2_alpha_0.25.png -> E:\hjTan\Documents\CODE_SPACE\stm32ai-modelzoo-2.0.0\experiments_outputs\mlruns\346417397403045321\b2093a09e6154f65a9a8c210a3e34bff\artifacts\2025_01_04_22_36_09
[2025-01-04 22:52:03,441][root][INFO] - creating E:\hjTan\Documents\CODE_SPACE\stm32ai-modelzoo-2.0.0\experiments_outputs\mlruns\346417397403045321\b2093a09e6154f65a9a8c210a3e34bff\artifacts\2025_01_04_22_36_09\saved_models
[2025-01-04 22:52:03,442][root][INFO] - copying E:\hjTan\Documents\CODE_SPACE\stm32ai-modelzoo-2.0.0\experiments_outputs\2025_01_04_22_36_09\saved_models\best_augmented_model.h5 -> E:\hjTan\Documents\CODE_SPACE\stm32ai-modelzoo-2.0.0\experiments_outputs\mlruns\346417397403045321\b2093a09e6154f65a9a8c210a3e34bff\artifacts\2025_01_04_22_36_09\saved_models
[2025-01-04 22:52:03,446][root][INFO] - copying E:\hjTan\Documents\CODE_SPACE\stm32ai-modelzoo-2.0.0\experiments_outputs\2025_01_04_22_36_09\saved_models\best_model.h5 -> E:\hjTan\Documents\CODE_SPACE\stm32ai-modelzoo-2.0.0\experiments_outputs\mlruns\346417397403045321\b2093a09e6154f65a9a8c210a3e34bff\artifacts\2025_01_04_22_36_09\saved_models
[2025-01-04 22:52:03,449][root][INFO] - copying E:\hjTan\Documents\CODE_SPACE\stm32ai-modelzoo-2.0.0\experiments_outputs\2025_01_04_22_36_09\saved_models\last_augmented_model.h5 -> E:\hjTan\Documents\CODE_SPACE\stm32ai-modelzoo-2.0.0\experiments_outputs\mlruns\346417397403045321\b2093a09e6154f65a9a8c210a3e34bff\artifacts\2025_01_04_22_36_09\saved_models
[2025-01-04 22:52:03,449][root][INFO] - copying E:\hjTan\Documents\CODE_SPACE\stm32ai-modelzoo-2.0.0\experiments_outputs\2025_01_04_22_36_09\stm32ai_main.log -> E:\hjTan\Documents\CODE_SPACE\stm32ai-modelzoo-2.0.0\experiments_outputs\mlruns\346417397403045321\b2093a09e6154f65a9a8c210a3e34bff\artifacts\2025_01_04_22_36_09
[2025-01-04 22:52:03,453][root][INFO] - copying E:\hjTan\Documents\CODE_SPACE\stm32ai-modelzoo-2.0.0\experiments_outputs\2025_01_04_22_36_09\Training_curves.png -> E:\hjTan\Documents\CODE_SPACE\stm32ai-modelzoo-2.0.0\experiments_outputs\mlruns\346417397403045321\b2093a09e6154f65a9a8c210a3e34bff\artifacts\2025_01_04_22_36_09
Stm32ai version : 8.1.0
Benchmarking board : NUCLEO-H743ZI2
RAM Activations : 2401.19 KiB
Flash weights : 929.33 KiB
MACCs : 40.299 M

Quantized model :
Accuracy of quantized model : 79.66 %
Stm32ai version : 8.1.0
Benchmarking board : NUCLEO-H743ZI2
RAM Activations : 606.92 KiB
Flash weights : 247.95 KiB
MACCs : 36.456 M
