Model name : fdmobilenet
Dataset : Rice_Leaf_Disease_OOD
[2025-01-06 11:59:43,763][root][INFO] - creating E:\hjTan\Documents\CODE_SPACE\stm32ai-modelzoo-2.0.0\experiments_outputs\mlruns\346417397403045321\77fd91254e1b49a58aea88d0e9e97c5e\artifacts\tensorboard_logs\metrics
[2025-01-06 11:59:43,778][root][INFO] - copying E:\hjTan\Documents\CODE_SPACE\stm32ai-modelzoo-2.0.0\experiments_outputs\2025_01_06_10_47_48\logs\metrics\events.out.tfevents.1736128094.THJ-PC.15796.0.v2 -> E:\hjTan\Documents\CODE_SPACE\stm32ai-modelzoo-2.0.0\experiments_outputs\mlruns\346417397403045321\77fd91254e1b49a58aea88d0e9e97c5e\artifacts\tensorboard_logs\metrics
[2025-01-06 11:59:43,778][root][INFO] - copying E:\hjTan\Documents\CODE_SPACE\stm32ai-modelzoo-2.0.0\experiments_outputs\2025_01_06_10_47_48\logs\metrics\train_metrics.csv -> E:\hjTan\Documents\CODE_SPACE\stm32ai-modelzoo-2.0.0\experiments_outputs\mlruns\346417397403045321\77fd91254e1b49a58aea88d0e9e97c5e\artifacts\tensorboard_logs\metrics
[2025-01-06 11:59:43,778][root][INFO] - creating E:\hjTan\Documents\CODE_SPACE\stm32ai-modelzoo-2.0.0\experiments_outputs\mlruns\346417397403045321\77fd91254e1b49a58aea88d0e9e97c5e\artifacts\tensorboard_logs\train
[2025-01-06 11:59:43,778][root][INFO] - copying E:\hjTan\Documents\CODE_SPACE\stm32ai-modelzoo-2.0.0\experiments_outputs\2025_01_06_10_47_48\logs\train\events.out.tfevents.1736128094.THJ-PC.15796.1.v2 -> E:\hjTan\Documents\CODE_SPACE\stm32ai-modelzoo-2.0.0\experiments_outputs\mlruns\346417397403045321\77fd91254e1b49a58aea88d0e9e97c5e\artifacts\tensorboard_logs\train
[2025-01-06 11:59:43,778][root][INFO] - creating E:\hjTan\Documents\CODE_SPACE\stm32ai-modelzoo-2.0.0\experiments_outputs\mlruns\346417397403045321\77fd91254e1b49a58aea88d0e9e97c5e\artifacts\tensorboard_logs\validation
[2025-01-06 11:59:43,778][root][INFO] - copying E:\hjTan\Documents\CODE_SPACE\stm32ai-modelzoo-2.0.0\experiments_outputs\2025_01_06_10_47_48\logs\validation\events.out.tfevents.1736128142.THJ-PC.15796.2.v2 -> E:\hjTan\Documents\CODE_SPACE\stm32ai-modelzoo-2.0.0\experiments_outputs\mlruns\346417397403045321\77fd91254e1b49a58aea88d0e9e97c5e\artifacts\tensorboard_logs\validation

The last epoch history :
['epoch', 'accuracy', 'loss', 'lr', 'val_accuracy', 'val_loss']
['99', '0.9730322957038879', '0.07527399063110352', '0.001', '0.9709054231643677', '0.10214859247207642']

Training runtime : 4289 s
Average time per epoch : 42.89 s

Float model :
Accuracy of float model : 98.9 %
Loss of float model : 0.04 
[2025-01-06 11:59:52,696][root][INFO] - creating E:\hjTan\Documents\CODE_SPACE\stm32ai-modelzoo-2.0.0\experiments_outputs\mlruns\346417397403045321\77fd91254e1b49a58aea88d0e9e97c5e\artifacts\2025_01_06_10_47_48\.hydra
[2025-01-06 11:59:52,696][root][INFO] - copying E:\hjTan\Documents\CODE_SPACE\stm32ai-modelzoo-2.0.0\experiments_outputs\2025_01_06_10_47_48\.hydra\config.yaml -> E:\hjTan\Documents\CODE_SPACE\stm32ai-modelzoo-2.0.0\experiments_outputs\mlruns\346417397403045321\77fd91254e1b49a58aea88d0e9e97c5e\artifacts\2025_01_06_10_47_48\.hydra
[2025-01-06 11:59:52,696][root][INFO] - copying E:\hjTan\Documents\CODE_SPACE\stm32ai-modelzoo-2.0.0\experiments_outputs\2025_01_06_10_47_48\.hydra\hydra.yaml -> E:\hjTan\Documents\CODE_SPACE\stm32ai-modelzoo-2.0.0\experiments_outputs\mlruns\346417397403045321\77fd91254e1b49a58aea88d0e9e97c5e\artifacts\2025_01_06_10_47_48\.hydra
[2025-01-06 11:59:52,696][root][INFO] - copying E:\hjTan\Documents\CODE_SPACE\stm32ai-modelzoo-2.0.0\experiments_outputs\2025_01_06_10_47_48\.hydra\overrides.yaml -> E:\hjTan\Documents\CODE_SPACE\stm32ai-modelzoo-2.0.0\experiments_outputs\mlruns\346417397403045321\77fd91254e1b49a58aea88d0e9e97c5e\artifacts\2025_01_06_10_47_48\.hydra
[2025-01-06 11:59:52,696][root][INFO] - copying E:\hjTan\Documents\CODE_SPACE\stm32ai-modelzoo-2.0.0\experiments_outputs\2025_01_06_10_47_48\fd_mobilenet_0.50.png -> E:\hjTan\Documents\CODE_SPACE\stm32ai-modelzoo-2.0.0\experiments_outputs\mlruns\346417397403045321\77fd91254e1b49a58aea88d0e9e97c5e\artifacts\2025_01_06_10_47_48
[2025-01-06 11:59:52,696][root][INFO] - copying E:\hjTan\Documents\CODE_SPACE\stm32ai-modelzoo-2.0.0\experiments_outputs\2025_01_06_10_47_48\float_model_confusion_matrix_validation_set.png -> E:\hjTan\Documents\CODE_SPACE\stm32ai-modelzoo-2.0.0\experiments_outputs\mlruns\346417397403045321\77fd91254e1b49a58aea88d0e9e97c5e\artifacts\2025_01_06_10_47_48
[2025-01-06 11:59:52,696][root][INFO] - copying E:\hjTan\Documents\CODE_SPACE\stm32ai-modelzoo-2.0.0\experiments_outputs\2025_01_06_10_47_48\layers.png -> E:\hjTan\Documents\CODE_SPACE\stm32ai-modelzoo-2.0.0\experiments_outputs\mlruns\346417397403045321\77fd91254e1b49a58aea88d0e9e97c5e\artifacts\2025_01_06_10_47_48
[2025-01-06 11:59:52,712][root][INFO] - creating E:\hjTan\Documents\CODE_SPACE\stm32ai-modelzoo-2.0.0\experiments_outputs\mlruns\346417397403045321\77fd91254e1b49a58aea88d0e9e97c5e\artifacts\2025_01_06_10_47_48\logs
[2025-01-06 11:59:52,712][root][INFO] - creating E:\hjTan\Documents\CODE_SPACE\stm32ai-modelzoo-2.0.0\experiments_outputs\mlruns\346417397403045321\77fd91254e1b49a58aea88d0e9e97c5e\artifacts\2025_01_06_10_47_48\logs\metrics
[2025-01-06 11:59:52,712][root][INFO] - copying E:\hjTan\Documents\CODE_SPACE\stm32ai-modelzoo-2.0.0\experiments_outputs\2025_01_06_10_47_48\logs\metrics\events.out.tfevents.1736128094.THJ-PC.15796.0.v2 -> E:\hjTan\Documents\CODE_SPACE\stm32ai-modelzoo-2.0.0\experiments_outputs\mlruns\346417397403045321\77fd91254e1b49a58aea88d0e9e97c5e\artifacts\2025_01_06_10_47_48\logs\metrics
[2025-01-06 11:59:52,712][root][INFO] - copying E:\hjTan\Documents\CODE_SPACE\stm32ai-modelzoo-2.0.0\experiments_outputs\2025_01_06_10_47_48\logs\metrics\train_metrics.csv -> E:\hjTan\Documents\CODE_SPACE\stm32ai-modelzoo-2.0.0\experiments_outputs\mlruns\346417397403045321\77fd91254e1b49a58aea88d0e9e97c5e\artifacts\2025_01_06_10_47_48\logs\metrics
[2025-01-06 11:59:52,712][root][INFO] - creating E:\hjTan\Documents\CODE_SPACE\stm32ai-modelzoo-2.0.0\experiments_outputs\mlruns\346417397403045321\77fd91254e1b49a58aea88d0e9e97c5e\artifacts\2025_01_06_10_47_48\logs\train
[2025-01-06 11:59:52,712][root][INFO] - copying E:\hjTan\Documents\CODE_SPACE\stm32ai-modelzoo-2.0.0\experiments_outputs\2025_01_06_10_47_48\logs\train\events.out.tfevents.1736128094.THJ-PC.15796.1.v2 -> E:\hjTan\Documents\CODE_SPACE\stm32ai-modelzoo-2.0.0\experiments_outputs\mlruns\346417397403045321\77fd91254e1b49a58aea88d0e9e97c5e\artifacts\2025_01_06_10_47_48\logs\train
[2025-01-06 11:59:52,712][root][INFO] - creating E:\hjTan\Documents\CODE_SPACE\stm32ai-modelzoo-2.0.0\experiments_outputs\mlruns\346417397403045321\77fd91254e1b49a58aea88d0e9e97c5e\artifacts\2025_01_06_10_47_48\logs\validation
[2025-01-06 11:59:52,712][root][INFO] - copying E:\hjTan\Documents\CODE_SPACE\stm32ai-modelzoo-2.0.0\experiments_outputs\2025_01_06_10_47_48\logs\validation\events.out.tfevents.1736128142.THJ-PC.15796.2.v2 -> E:\hjTan\Documents\CODE_SPACE\stm32ai-modelzoo-2.0.0\experiments_outputs\mlruns\346417397403045321\77fd91254e1b49a58aea88d0e9e97c5e\artifacts\2025_01_06_10_47_48\logs\validation
[2025-01-06 11:59:52,712][root][INFO] - creating E:\hjTan\Documents\CODE_SPACE\stm32ai-modelzoo-2.0.0\experiments_outputs\mlruns\346417397403045321\77fd91254e1b49a58aea88d0e9e97c5e\artifacts\2025_01_06_10_47_48\saved_models
[2025-01-06 11:59:52,712][root][INFO] - copying E:\hjTan\Documents\CODE_SPACE\stm32ai-modelzoo-2.0.0\experiments_outputs\2025_01_06_10_47_48\saved_models\best_augmented_model.h5 -> E:\hjTan\Documents\CODE_SPACE\stm32ai-modelzoo-2.0.0\experiments_outputs\mlruns\346417397403045321\77fd91254e1b49a58aea88d0e9e97c5e\artifacts\2025_01_06_10_47_48\saved_models
[2025-01-06 11:59:52,728][root][INFO] - copying E:\hjTan\Documents\CODE_SPACE\stm32ai-modelzoo-2.0.0\experiments_outputs\2025_01_06_10_47_48\saved_models\best_model.h5 -> E:\hjTan\Documents\CODE_SPACE\stm32ai-modelzoo-2.0.0\experiments_outputs\mlruns\346417397403045321\77fd91254e1b49a58aea88d0e9e97c5e\artifacts\2025_01_06_10_47_48\saved_models
[2025-01-06 11:59:52,731][root][INFO] - copying E:\hjTan\Documents\CODE_SPACE\stm32ai-modelzoo-2.0.0\experiments_outputs\2025_01_06_10_47_48\saved_models\last_augmented_model.h5 -> E:\hjTan\Documents\CODE_SPACE\stm32ai-modelzoo-2.0.0\experiments_outputs\mlruns\346417397403045321\77fd91254e1b49a58aea88d0e9e97c5e\artifacts\2025_01_06_10_47_48\saved_models
[2025-01-06 11:59:52,731][root][INFO] - copying E:\hjTan\Documents\CODE_SPACE\stm32ai-modelzoo-2.0.0\experiments_outputs\2025_01_06_10_47_48\stm32ai_main.log -> E:\hjTan\Documents\CODE_SPACE\stm32ai-modelzoo-2.0.0\experiments_outputs\mlruns\346417397403045321\77fd91254e1b49a58aea88d0e9e97c5e\artifacts\2025_01_06_10_47_48
[2025-01-06 11:59:52,731][root][INFO] - copying E:\hjTan\Documents\CODE_SPACE\stm32ai-modelzoo-2.0.0\experiments_outputs\2025_01_06_10_47_48\Training_curves.png -> E:\hjTan\Documents\CODE_SPACE\stm32ai-modelzoo-2.0.0\experiments_outputs\mlruns\346417397403045321\77fd91254e1b49a58aea88d0e9e97c5e\artifacts\2025_01_06_10_47_48
Stm32ai version : 8.1.0
Benchmarking board : NUCLEO-H743ZI2
RAM Activations : 799.0 KiB
Flash weights : 1885.29 KiB
MACCs : 40.194 M

Quantized model :
Accuracy of quantized model : 98.9 %
Stm32ai version : 8.1.0
Benchmarking board : NUCLEO-H743ZI2
RAM Activations : 206.88 KiB
Flash weights : 482.89 KiB
MACCs : 39.956 M
