<<<<<<< HEAD
Model name : fdmobilenet
Dataset : Skin
[2025-07-31 14:35:14,891][root][INFO] - creating E:\hjTan\Documents\CODE_SPACE\stm32ai-modelzoo-2.0.0\experiments_outputs\mlruns\777438690690171049\88545fc1e05b4c48a50476364dbe07df\artifacts\tensorboard_logs\metrics
[2025-07-31 14:35:14,893][root][INFO] - copying E:\hjTan\Documents\CODE_SPACE\stm32ai-modelzoo-2.0.0\experiments_outputs\2025_07_31_14_01_22\logs\metrics\events.out.tfevents.1753938088.THJ-PC.30408.0.v2 -> E:\hjTan\Documents\CODE_SPACE\stm32ai-modelzoo-2.0.0\experiments_outputs\mlruns\777438690690171049\88545fc1e05b4c48a50476364dbe07df\artifacts\tensorboard_logs\metrics
[2025-07-31 14:35:14,894][root][INFO] - copying E:\hjTan\Documents\CODE_SPACE\stm32ai-modelzoo-2.0.0\experiments_outputs\2025_07_31_14_01_22\logs\metrics\train_metrics.csv -> E:\hjTan\Documents\CODE_SPACE\stm32ai-modelzoo-2.0.0\experiments_outputs\mlruns\777438690690171049\88545fc1e05b4c48a50476364dbe07df\artifacts\tensorboard_logs\metrics
[2025-07-31 14:35:14,895][root][INFO] - creating E:\hjTan\Documents\CODE_SPACE\stm32ai-modelzoo-2.0.0\experiments_outputs\mlruns\777438690690171049\88545fc1e05b4c48a50476364dbe07df\artifacts\tensorboard_logs\train
[2025-07-31 14:35:14,896][root][INFO] - copying E:\hjTan\Documents\CODE_SPACE\stm32ai-modelzoo-2.0.0\experiments_outputs\2025_07_31_14_01_22\logs\train\events.out.tfevents.1753938088.THJ-PC.30408.1.v2 -> E:\hjTan\Documents\CODE_SPACE\stm32ai-modelzoo-2.0.0\experiments_outputs\mlruns\777438690690171049\88545fc1e05b4c48a50476364dbe07df\artifacts\tensorboard_logs\train
[2025-07-31 14:35:14,898][root][INFO] - creating E:\hjTan\Documents\CODE_SPACE\stm32ai-modelzoo-2.0.0\experiments_outputs\mlruns\777438690690171049\88545fc1e05b4c48a50476364dbe07df\artifacts\tensorboard_logs\validation
[2025-07-31 14:35:14,899][root][INFO] - copying E:\hjTan\Documents\CODE_SPACE\stm32ai-modelzoo-2.0.0\experiments_outputs\2025_07_31_14_01_22\logs\validation\events.out.tfevents.1753938105.THJ-PC.30408.2.v2 -> E:\hjTan\Documents\CODE_SPACE\stm32ai-modelzoo-2.0.0\experiments_outputs\mlruns\777438690690171049\88545fc1e05b4c48a50476364dbe07df\artifacts\tensorboard_logs\validation

The last epoch history :
['epoch', 'accuracy', 'loss', 'lr', 'val_accuracy', 'val_loss']
['199', '0.944615364074707', '0.16158047318458557', '0.001', '0.7756410241127014', '1.3838502168655396']

Training runtime : 2026 s
Average time per epoch : 10.13 s

Float model :
Accuracy of float model : 79.23 %
Loss of float model : 1.2 

Float model :
Accuracy of float model : 82.56 %
Loss of float model : 0.89 
[2025-07-31 14:35:20,501][root][INFO] - creating E:\hjTan\Documents\CODE_SPACE\stm32ai-modelzoo-2.0.0\experiments_outputs\mlruns\777438690690171049\88545fc1e05b4c48a50476364dbe07df\artifacts\2025_07_31_14_01_22\.hydra
[2025-07-31 14:35:20,503][root][INFO] - copying E:\hjTan\Documents\CODE_SPACE\stm32ai-modelzoo-2.0.0\experiments_outputs\2025_07_31_14_01_22\.hydra\config.yaml -> E:\hjTan\Documents\CODE_SPACE\stm32ai-modelzoo-2.0.0\experiments_outputs\mlruns\777438690690171049\88545fc1e05b4c48a50476364dbe07df\artifacts\2025_07_31_14_01_22\.hydra
[2025-07-31 14:35:20,504][root][INFO] - copying E:\hjTan\Documents\CODE_SPACE\stm32ai-modelzoo-2.0.0\experiments_outputs\2025_07_31_14_01_22\.hydra\hydra.yaml -> E:\hjTan\Documents\CODE_SPACE\stm32ai-modelzoo-2.0.0\experiments_outputs\mlruns\777438690690171049\88545fc1e05b4c48a50476364dbe07df\artifacts\2025_07_31_14_01_22\.hydra
[2025-07-31 14:35:20,504][root][INFO] - copying E:\hjTan\Documents\CODE_SPACE\stm32ai-modelzoo-2.0.0\experiments_outputs\2025_07_31_14_01_22\.hydra\overrides.yaml -> E:\hjTan\Documents\CODE_SPACE\stm32ai-modelzoo-2.0.0\experiments_outputs\mlruns\777438690690171049\88545fc1e05b4c48a50476364dbe07df\artifacts\2025_07_31_14_01_22\.hydra
[2025-07-31 14:35:20,505][root][INFO] - copying E:\hjTan\Documents\CODE_SPACE\stm32ai-modelzoo-2.0.0\experiments_outputs\2025_07_31_14_01_22\fd_mobilenet_0.50.png -> E:\hjTan\Documents\CODE_SPACE\stm32ai-modelzoo-2.0.0\experiments_outputs\mlruns\777438690690171049\88545fc1e05b4c48a50476364dbe07df\artifacts\2025_07_31_14_01_22
[2025-07-31 14:35:20,507][root][INFO] - copying E:\hjTan\Documents\CODE_SPACE\stm32ai-modelzoo-2.0.0\experiments_outputs\2025_07_31_14_01_22\float_model_confusion_matrix_test_set.png -> E:\hjTan\Documents\CODE_SPACE\stm32ai-modelzoo-2.0.0\experiments_outputs\mlruns\777438690690171049\88545fc1e05b4c48a50476364dbe07df\artifacts\2025_07_31_14_01_22
[2025-07-31 14:35:20,507][root][INFO] - copying E:\hjTan\Documents\CODE_SPACE\stm32ai-modelzoo-2.0.0\experiments_outputs\2025_07_31_14_01_22\float_model_confusion_matrix_validation_set.png -> E:\hjTan\Documents\CODE_SPACE\stm32ai-modelzoo-2.0.0\experiments_outputs\mlruns\777438690690171049\88545fc1e05b4c48a50476364dbe07df\artifacts\2025_07_31_14_01_22
[2025-07-31 14:35:20,509][root][INFO] - copying E:\hjTan\Documents\CODE_SPACE\stm32ai-modelzoo-2.0.0\experiments_outputs\2025_07_31_14_01_22\layers.png -> E:\hjTan\Documents\CODE_SPACE\stm32ai-modelzoo-2.0.0\experiments_outputs\mlruns\777438690690171049\88545fc1e05b4c48a50476364dbe07df\artifacts\2025_07_31_14_01_22
[2025-07-31 14:35:20,510][root][INFO] - creating E:\hjTan\Documents\CODE_SPACE\stm32ai-modelzoo-2.0.0\experiments_outputs\mlruns\777438690690171049\88545fc1e05b4c48a50476364dbe07df\artifacts\2025_07_31_14_01_22\logs
[2025-07-31 14:35:20,511][root][INFO] - creating E:\hjTan\Documents\CODE_SPACE\stm32ai-modelzoo-2.0.0\experiments_outputs\mlruns\777438690690171049\88545fc1e05b4c48a50476364dbe07df\artifacts\2025_07_31_14_01_22\logs\metrics
[2025-07-31 14:35:20,513][root][INFO] - copying E:\hjTan\Documents\CODE_SPACE\stm32ai-modelzoo-2.0.0\experiments_outputs\2025_07_31_14_01_22\logs\metrics\events.out.tfevents.1753938088.THJ-PC.30408.0.v2 -> E:\hjTan\Documents\CODE_SPACE\stm32ai-modelzoo-2.0.0\experiments_outputs\mlruns\777438690690171049\88545fc1e05b4c48a50476364dbe07df\artifacts\2025_07_31_14_01_22\logs\metrics
[2025-07-31 14:35:20,514][root][INFO] - copying E:\hjTan\Documents\CODE_SPACE\stm32ai-modelzoo-2.0.0\experiments_outputs\2025_07_31_14_01_22\logs\metrics\train_metrics.csv -> E:\hjTan\Documents\CODE_SPACE\stm32ai-modelzoo-2.0.0\experiments_outputs\mlruns\777438690690171049\88545fc1e05b4c48a50476364dbe07df\artifacts\2025_07_31_14_01_22\logs\metrics
[2025-07-31 14:35:20,514][root][INFO] - creating E:\hjTan\Documents\CODE_SPACE\stm32ai-modelzoo-2.0.0\experiments_outputs\mlruns\777438690690171049\88545fc1e05b4c48a50476364dbe07df\artifacts\2025_07_31_14_01_22\logs\train
[2025-07-31 14:35:20,516][root][INFO] - copying E:\hjTan\Documents\CODE_SPACE\stm32ai-modelzoo-2.0.0\experiments_outputs\2025_07_31_14_01_22\logs\train\events.out.tfevents.1753938088.THJ-PC.30408.1.v2 -> E:\hjTan\Documents\CODE_SPACE\stm32ai-modelzoo-2.0.0\experiments_outputs\mlruns\777438690690171049\88545fc1e05b4c48a50476364dbe07df\artifacts\2025_07_31_14_01_22\logs\train
[2025-07-31 14:35:20,517][root][INFO] - creating E:\hjTan\Documents\CODE_SPACE\stm32ai-modelzoo-2.0.0\experiments_outputs\mlruns\777438690690171049\88545fc1e05b4c48a50476364dbe07df\artifacts\2025_07_31_14_01_22\logs\validation
[2025-07-31 14:35:20,518][root][INFO] - copying E:\hjTan\Documents\CODE_SPACE\stm32ai-modelzoo-2.0.0\experiments_outputs\2025_07_31_14_01_22\logs\validation\events.out.tfevents.1753938105.THJ-PC.30408.2.v2 -> E:\hjTan\Documents\CODE_SPACE\stm32ai-modelzoo-2.0.0\experiments_outputs\mlruns\777438690690171049\88545fc1e05b4c48a50476364dbe07df\artifacts\2025_07_31_14_01_22\logs\validation
[2025-07-31 14:35:20,519][root][INFO] - creating E:\hjTan\Documents\CODE_SPACE\stm32ai-modelzoo-2.0.0\experiments_outputs\mlruns\777438690690171049\88545fc1e05b4c48a50476364dbe07df\artifacts\2025_07_31_14_01_22\saved_models
[2025-07-31 14:35:20,520][root][INFO] - copying E:\hjTan\Documents\CODE_SPACE\stm32ai-modelzoo-2.0.0\experiments_outputs\2025_07_31_14_01_22\saved_models\best_augmented_model.h5 -> E:\hjTan\Documents\CODE_SPACE\stm32ai-modelzoo-2.0.0\experiments_outputs\mlruns\777438690690171049\88545fc1e05b4c48a50476364dbe07df\artifacts\2025_07_31_14_01_22\saved_models
[2025-07-31 14:35:20,526][root][INFO] - copying E:\hjTan\Documents\CODE_SPACE\stm32ai-modelzoo-2.0.0\experiments_outputs\2025_07_31_14_01_22\saved_models\best_model.h5 -> E:\hjTan\Documents\CODE_SPACE\stm32ai-modelzoo-2.0.0\experiments_outputs\mlruns\777438690690171049\88545fc1e05b4c48a50476364dbe07df\artifacts\2025_07_31_14_01_22\saved_models
[2025-07-31 14:35:20,528][root][INFO] - copying E:\hjTan\Documents\CODE_SPACE\stm32ai-modelzoo-2.0.0\experiments_outputs\2025_07_31_14_01_22\saved_models\last_augmented_model.h5 -> E:\hjTan\Documents\CODE_SPACE\stm32ai-modelzoo-2.0.0\experiments_outputs\mlruns\777438690690171049\88545fc1e05b4c48a50476364dbe07df\artifacts\2025_07_31_14_01_22\saved_models
[2025-07-31 14:35:20,534][root][INFO] - copying E:\hjTan\Documents\CODE_SPACE\stm32ai-modelzoo-2.0.0\experiments_outputs\2025_07_31_14_01_22\stm32ai_main.log -> E:\hjTan\Documents\CODE_SPACE\stm32ai-modelzoo-2.0.0\experiments_outputs\mlruns\777438690690171049\88545fc1e05b4c48a50476364dbe07df\artifacts\2025_07_31_14_01_22
[2025-07-31 14:35:20,535][root][INFO] - copying E:\hjTan\Documents\CODE_SPACE\stm32ai-modelzoo-2.0.0\experiments_outputs\2025_07_31_14_01_22\Training_curves.png -> E:\hjTan\Documents\CODE_SPACE\stm32ai-modelzoo-2.0.0\experiments_outputs\mlruns\777438690690171049\88545fc1e05b4c48a50476364dbe07df\artifacts\2025_07_31_14_01_22
Stm32ai version : 8.1.0
Benchmarking board : NUCLEO-H743ZI2
RAM Activations : 799.0 KiB
Flash weights : 1941.4 KiB
MACCs : 40.209 M

Quantized model :
Accuracy of quantized model : 82.44 %
f1 of quantized model : 0.8176406050572924 
precision of quantized model : 0.8250226857901564 
recall of quantized model : 0.8243589743589743 
Stm32ai version : 8.1.0
Benchmarking board : NUCLEO-H743ZI2
RAM Activations : 206.88 KiB
Flash weights : 497.0 KiB
MACCs : 39.971 M
=======
Model name : fdmobilenet
Dataset : Skin
[2025-07-31 14:35:14,891][root][INFO] - creating E:\hjTan\Documents\CODE_SPACE\stm32ai-modelzoo-2.0.0\experiments_outputs\mlruns\777438690690171049\88545fc1e05b4c48a50476364dbe07df\artifacts\tensorboard_logs\metrics
[2025-07-31 14:35:14,893][root][INFO] - copying E:\hjTan\Documents\CODE_SPACE\stm32ai-modelzoo-2.0.0\experiments_outputs\2025_07_31_14_01_22\logs\metrics\events.out.tfevents.1753938088.THJ-PC.30408.0.v2 -> E:\hjTan\Documents\CODE_SPACE\stm32ai-modelzoo-2.0.0\experiments_outputs\mlruns\777438690690171049\88545fc1e05b4c48a50476364dbe07df\artifacts\tensorboard_logs\metrics
[2025-07-31 14:35:14,894][root][INFO] - copying E:\hjTan\Documents\CODE_SPACE\stm32ai-modelzoo-2.0.0\experiments_outputs\2025_07_31_14_01_22\logs\metrics\train_metrics.csv -> E:\hjTan\Documents\CODE_SPACE\stm32ai-modelzoo-2.0.0\experiments_outputs\mlruns\777438690690171049\88545fc1e05b4c48a50476364dbe07df\artifacts\tensorboard_logs\metrics
[2025-07-31 14:35:14,895][root][INFO] - creating E:\hjTan\Documents\CODE_SPACE\stm32ai-modelzoo-2.0.0\experiments_outputs\mlruns\777438690690171049\88545fc1e05b4c48a50476364dbe07df\artifacts\tensorboard_logs\train
[2025-07-31 14:35:14,896][root][INFO] - copying E:\hjTan\Documents\CODE_SPACE\stm32ai-modelzoo-2.0.0\experiments_outputs\2025_07_31_14_01_22\logs\train\events.out.tfevents.1753938088.THJ-PC.30408.1.v2 -> E:\hjTan\Documents\CODE_SPACE\stm32ai-modelzoo-2.0.0\experiments_outputs\mlruns\777438690690171049\88545fc1e05b4c48a50476364dbe07df\artifacts\tensorboard_logs\train
[2025-07-31 14:35:14,898][root][INFO] - creating E:\hjTan\Documents\CODE_SPACE\stm32ai-modelzoo-2.0.0\experiments_outputs\mlruns\777438690690171049\88545fc1e05b4c48a50476364dbe07df\artifacts\tensorboard_logs\validation
[2025-07-31 14:35:14,899][root][INFO] - copying E:\hjTan\Documents\CODE_SPACE\stm32ai-modelzoo-2.0.0\experiments_outputs\2025_07_31_14_01_22\logs\validation\events.out.tfevents.1753938105.THJ-PC.30408.2.v2 -> E:\hjTan\Documents\CODE_SPACE\stm32ai-modelzoo-2.0.0\experiments_outputs\mlruns\777438690690171049\88545fc1e05b4c48a50476364dbe07df\artifacts\tensorboard_logs\validation

The last epoch history :
['epoch', 'accuracy', 'loss', 'lr', 'val_accuracy', 'val_loss']
['199', '0.944615364074707', '0.16158047318458557', '0.001', '0.7756410241127014', '1.3838502168655396']

Training runtime : 2026 s
Average time per epoch : 10.13 s

Float model :
Accuracy of float model : 79.23 %
Loss of float model : 1.2 

Float model :
Accuracy of float model : 82.56 %
Loss of float model : 0.89 
[2025-07-31 14:35:20,501][root][INFO] - creating E:\hjTan\Documents\CODE_SPACE\stm32ai-modelzoo-2.0.0\experiments_outputs\mlruns\777438690690171049\88545fc1e05b4c48a50476364dbe07df\artifacts\2025_07_31_14_01_22\.hydra
[2025-07-31 14:35:20,503][root][INFO] - copying E:\hjTan\Documents\CODE_SPACE\stm32ai-modelzoo-2.0.0\experiments_outputs\2025_07_31_14_01_22\.hydra\config.yaml -> E:\hjTan\Documents\CODE_SPACE\stm32ai-modelzoo-2.0.0\experiments_outputs\mlruns\777438690690171049\88545fc1e05b4c48a50476364dbe07df\artifacts\2025_07_31_14_01_22\.hydra
[2025-07-31 14:35:20,504][root][INFO] - copying E:\hjTan\Documents\CODE_SPACE\stm32ai-modelzoo-2.0.0\experiments_outputs\2025_07_31_14_01_22\.hydra\hydra.yaml -> E:\hjTan\Documents\CODE_SPACE\stm32ai-modelzoo-2.0.0\experiments_outputs\mlruns\777438690690171049\88545fc1e05b4c48a50476364dbe07df\artifacts\2025_07_31_14_01_22\.hydra
[2025-07-31 14:35:20,504][root][INFO] - copying E:\hjTan\Documents\CODE_SPACE\stm32ai-modelzoo-2.0.0\experiments_outputs\2025_07_31_14_01_22\.hydra\overrides.yaml -> E:\hjTan\Documents\CODE_SPACE\stm32ai-modelzoo-2.0.0\experiments_outputs\mlruns\777438690690171049\88545fc1e05b4c48a50476364dbe07df\artifacts\2025_07_31_14_01_22\.hydra
[2025-07-31 14:35:20,505][root][INFO] - copying E:\hjTan\Documents\CODE_SPACE\stm32ai-modelzoo-2.0.0\experiments_outputs\2025_07_31_14_01_22\fd_mobilenet_0.50.png -> E:\hjTan\Documents\CODE_SPACE\stm32ai-modelzoo-2.0.0\experiments_outputs\mlruns\777438690690171049\88545fc1e05b4c48a50476364dbe07df\artifacts\2025_07_31_14_01_22
[2025-07-31 14:35:20,507][root][INFO] - copying E:\hjTan\Documents\CODE_SPACE\stm32ai-modelzoo-2.0.0\experiments_outputs\2025_07_31_14_01_22\float_model_confusion_matrix_test_set.png -> E:\hjTan\Documents\CODE_SPACE\stm32ai-modelzoo-2.0.0\experiments_outputs\mlruns\777438690690171049\88545fc1e05b4c48a50476364dbe07df\artifacts\2025_07_31_14_01_22
[2025-07-31 14:35:20,507][root][INFO] - copying E:\hjTan\Documents\CODE_SPACE\stm32ai-modelzoo-2.0.0\experiments_outputs\2025_07_31_14_01_22\float_model_confusion_matrix_validation_set.png -> E:\hjTan\Documents\CODE_SPACE\stm32ai-modelzoo-2.0.0\experiments_outputs\mlruns\777438690690171049\88545fc1e05b4c48a50476364dbe07df\artifacts\2025_07_31_14_01_22
[2025-07-31 14:35:20,509][root][INFO] - copying E:\hjTan\Documents\CODE_SPACE\stm32ai-modelzoo-2.0.0\experiments_outputs\2025_07_31_14_01_22\layers.png -> E:\hjTan\Documents\CODE_SPACE\stm32ai-modelzoo-2.0.0\experiments_outputs\mlruns\777438690690171049\88545fc1e05b4c48a50476364dbe07df\artifacts\2025_07_31_14_01_22
[2025-07-31 14:35:20,510][root][INFO] - creating E:\hjTan\Documents\CODE_SPACE\stm32ai-modelzoo-2.0.0\experiments_outputs\mlruns\777438690690171049\88545fc1e05b4c48a50476364dbe07df\artifacts\2025_07_31_14_01_22\logs
[2025-07-31 14:35:20,511][root][INFO] - creating E:\hjTan\Documents\CODE_SPACE\stm32ai-modelzoo-2.0.0\experiments_outputs\mlruns\777438690690171049\88545fc1e05b4c48a50476364dbe07df\artifacts\2025_07_31_14_01_22\logs\metrics
[2025-07-31 14:35:20,513][root][INFO] - copying E:\hjTan\Documents\CODE_SPACE\stm32ai-modelzoo-2.0.0\experiments_outputs\2025_07_31_14_01_22\logs\metrics\events.out.tfevents.1753938088.THJ-PC.30408.0.v2 -> E:\hjTan\Documents\CODE_SPACE\stm32ai-modelzoo-2.0.0\experiments_outputs\mlruns\777438690690171049\88545fc1e05b4c48a50476364dbe07df\artifacts\2025_07_31_14_01_22\logs\metrics
[2025-07-31 14:35:20,514][root][INFO] - copying E:\hjTan\Documents\CODE_SPACE\stm32ai-modelzoo-2.0.0\experiments_outputs\2025_07_31_14_01_22\logs\metrics\train_metrics.csv -> E:\hjTan\Documents\CODE_SPACE\stm32ai-modelzoo-2.0.0\experiments_outputs\mlruns\777438690690171049\88545fc1e05b4c48a50476364dbe07df\artifacts\2025_07_31_14_01_22\logs\metrics
[2025-07-31 14:35:20,514][root][INFO] - creating E:\hjTan\Documents\CODE_SPACE\stm32ai-modelzoo-2.0.0\experiments_outputs\mlruns\777438690690171049\88545fc1e05b4c48a50476364dbe07df\artifacts\2025_07_31_14_01_22\logs\train
[2025-07-31 14:35:20,516][root][INFO] - copying E:\hjTan\Documents\CODE_SPACE\stm32ai-modelzoo-2.0.0\experiments_outputs\2025_07_31_14_01_22\logs\train\events.out.tfevents.1753938088.THJ-PC.30408.1.v2 -> E:\hjTan\Documents\CODE_SPACE\stm32ai-modelzoo-2.0.0\experiments_outputs\mlruns\777438690690171049\88545fc1e05b4c48a50476364dbe07df\artifacts\2025_07_31_14_01_22\logs\train
[2025-07-31 14:35:20,517][root][INFO] - creating E:\hjTan\Documents\CODE_SPACE\stm32ai-modelzoo-2.0.0\experiments_outputs\mlruns\777438690690171049\88545fc1e05b4c48a50476364dbe07df\artifacts\2025_07_31_14_01_22\logs\validation
[2025-07-31 14:35:20,518][root][INFO] - copying E:\hjTan\Documents\CODE_SPACE\stm32ai-modelzoo-2.0.0\experiments_outputs\2025_07_31_14_01_22\logs\validation\events.out.tfevents.1753938105.THJ-PC.30408.2.v2 -> E:\hjTan\Documents\CODE_SPACE\stm32ai-modelzoo-2.0.0\experiments_outputs\mlruns\777438690690171049\88545fc1e05b4c48a50476364dbe07df\artifacts\2025_07_31_14_01_22\logs\validation
[2025-07-31 14:35:20,519][root][INFO] - creating E:\hjTan\Documents\CODE_SPACE\stm32ai-modelzoo-2.0.0\experiments_outputs\mlruns\777438690690171049\88545fc1e05b4c48a50476364dbe07df\artifacts\2025_07_31_14_01_22\saved_models
[2025-07-31 14:35:20,520][root][INFO] - copying E:\hjTan\Documents\CODE_SPACE\stm32ai-modelzoo-2.0.0\experiments_outputs\2025_07_31_14_01_22\saved_models\best_augmented_model.h5 -> E:\hjTan\Documents\CODE_SPACE\stm32ai-modelzoo-2.0.0\experiments_outputs\mlruns\777438690690171049\88545fc1e05b4c48a50476364dbe07df\artifacts\2025_07_31_14_01_22\saved_models
[2025-07-31 14:35:20,526][root][INFO] - copying E:\hjTan\Documents\CODE_SPACE\stm32ai-modelzoo-2.0.0\experiments_outputs\2025_07_31_14_01_22\saved_models\best_model.h5 -> E:\hjTan\Documents\CODE_SPACE\stm32ai-modelzoo-2.0.0\experiments_outputs\mlruns\777438690690171049\88545fc1e05b4c48a50476364dbe07df\artifacts\2025_07_31_14_01_22\saved_models
[2025-07-31 14:35:20,528][root][INFO] - copying E:\hjTan\Documents\CODE_SPACE\stm32ai-modelzoo-2.0.0\experiments_outputs\2025_07_31_14_01_22\saved_models\last_augmented_model.h5 -> E:\hjTan\Documents\CODE_SPACE\stm32ai-modelzoo-2.0.0\experiments_outputs\mlruns\777438690690171049\88545fc1e05b4c48a50476364dbe07df\artifacts\2025_07_31_14_01_22\saved_models
[2025-07-31 14:35:20,534][root][INFO] - copying E:\hjTan\Documents\CODE_SPACE\stm32ai-modelzoo-2.0.0\experiments_outputs\2025_07_31_14_01_22\stm32ai_main.log -> E:\hjTan\Documents\CODE_SPACE\stm32ai-modelzoo-2.0.0\experiments_outputs\mlruns\777438690690171049\88545fc1e05b4c48a50476364dbe07df\artifacts\2025_07_31_14_01_22
[2025-07-31 14:35:20,535][root][INFO] - copying E:\hjTan\Documents\CODE_SPACE\stm32ai-modelzoo-2.0.0\experiments_outputs\2025_07_31_14_01_22\Training_curves.png -> E:\hjTan\Documents\CODE_SPACE\stm32ai-modelzoo-2.0.0\experiments_outputs\mlruns\777438690690171049\88545fc1e05b4c48a50476364dbe07df\artifacts\2025_07_31_14_01_22
Stm32ai version : 8.1.0
Benchmarking board : NUCLEO-H743ZI2
RAM Activations : 799.0 KiB
Flash weights : 1941.4 KiB
MACCs : 40.209 M

Quantized model :
Accuracy of quantized model : 82.44 %
f1 of quantized model : 0.8176406050572924 
precision of quantized model : 0.8250226857901564 
recall of quantized model : 0.8243589743589743 
Stm32ai version : 8.1.0
Benchmarking board : NUCLEO-H743ZI2
RAM Activations : 206.88 KiB
Flash weights : 497.0 KiB
MACCs : 39.971 M
>>>>>>> 1460700 (com)
