Model name : EmbeddedNetV1
Dataset : Rice_Leaf_Disease_OOD
[2025-01-14 14:06:57,488][root][INFO] - creating E:\hjTan\Documents\CODE_SPACE\stm32ai-modelzoo-2.0.0\experiments_outputs\mlruns\346417397403045321\869c39689ac44b8e93a8db73e3eb173e\artifacts\tensorboard_logs\metrics
[2025-01-14 14:06:57,490][root][INFO] - copying E:\hjTan\Documents\CODE_SPACE\stm32ai-modelzoo-2.0.0\experiments_outputs\2025_01_14_13_40_50\logs\metrics\events.out.tfevents.1736829669.THJ-PC.101156.0.v2 -> E:\hjTan\Documents\CODE_SPACE\stm32ai-modelzoo-2.0.0\experiments_outputs\mlruns\346417397403045321\869c39689ac44b8e93a8db73e3eb173e\artifacts\tensorboard_logs\metrics
[2025-01-14 14:06:57,491][root][INFO] - copying E:\hjTan\Documents\CODE_SPACE\stm32ai-modelzoo-2.0.0\experiments_outputs\2025_01_14_13_40_50\logs\metrics\train_metrics.csv -> E:\hjTan\Documents\CODE_SPACE\stm32ai-modelzoo-2.0.0\experiments_outputs\mlruns\346417397403045321\869c39689ac44b8e93a8db73e3eb173e\artifacts\tensorboard_logs\metrics
[2025-01-14 14:06:57,492][root][INFO] - creating E:\hjTan\Documents\CODE_SPACE\stm32ai-modelzoo-2.0.0\experiments_outputs\mlruns\346417397403045321\869c39689ac44b8e93a8db73e3eb173e\artifacts\tensorboard_logs\train
[2025-01-14 14:06:57,493][root][INFO] - copying E:\hjTan\Documents\CODE_SPACE\stm32ai-modelzoo-2.0.0\experiments_outputs\2025_01_14_13_40_50\logs\train\events.out.tfevents.1736829669.THJ-PC.101156.1.v2 -> E:\hjTan\Documents\CODE_SPACE\stm32ai-modelzoo-2.0.0\experiments_outputs\mlruns\346417397403045321\869c39689ac44b8e93a8db73e3eb173e\artifacts\tensorboard_logs\train
[2025-01-14 14:06:57,495][root][INFO] - creating E:\hjTan\Documents\CODE_SPACE\stm32ai-modelzoo-2.0.0\experiments_outputs\mlruns\346417397403045321\869c39689ac44b8e93a8db73e3eb173e\artifacts\tensorboard_logs\validation
[2025-01-14 14:06:57,496][root][INFO] - copying E:\hjTan\Documents\CODE_SPACE\stm32ai-modelzoo-2.0.0\experiments_outputs\2025_01_14_13_40_50\logs\validation\events.out.tfevents.1736829687.THJ-PC.101156.2.v2 -> E:\hjTan\Documents\CODE_SPACE\stm32ai-modelzoo-2.0.0\experiments_outputs\mlruns\346417397403045321\869c39689ac44b8e93a8db73e3eb173e\artifacts\tensorboard_logs\validation

The last epoch history :
['epoch', 'accuracy', 'loss', 'lr', 'val_accuracy', 'val_loss']
['99', '0.9836939573287964', '0.04935295507311821', '0.001', '0.8211687803268433', '0.9482194185256958']

Training runtime : 1547 s
Average time per epoch : 15.47 s

Float model :
Accuracy of float model : 98.24 %
Loss of float model : 0.09 
[2025-01-14 14:07:06,433][root][INFO] - creating E:\hjTan\Documents\CODE_SPACE\stm32ai-modelzoo-2.0.0\experiments_outputs\mlruns\346417397403045321\869c39689ac44b8e93a8db73e3eb173e\artifacts\2025_01_14_13_40_50\.hydra
[2025-01-14 14:07:06,440][root][INFO] - copying E:\hjTan\Documents\CODE_SPACE\stm32ai-modelzoo-2.0.0\experiments_outputs\2025_01_14_13_40_50\.hydra\config.yaml -> E:\hjTan\Documents\CODE_SPACE\stm32ai-modelzoo-2.0.0\experiments_outputs\mlruns\346417397403045321\869c39689ac44b8e93a8db73e3eb173e\artifacts\2025_01_14_13_40_50\.hydra
[2025-01-14 14:07:06,441][root][INFO] - copying E:\hjTan\Documents\CODE_SPACE\stm32ai-modelzoo-2.0.0\experiments_outputs\2025_01_14_13_40_50\.hydra\hydra.yaml -> E:\hjTan\Documents\CODE_SPACE\stm32ai-modelzoo-2.0.0\experiments_outputs\mlruns\346417397403045321\869c39689ac44b8e93a8db73e3eb173e\artifacts\2025_01_14_13_40_50\.hydra
[2025-01-14 14:07:06,442][root][INFO] - copying E:\hjTan\Documents\CODE_SPACE\stm32ai-modelzoo-2.0.0\experiments_outputs\2025_01_14_13_40_50\.hydra\overrides.yaml -> E:\hjTan\Documents\CODE_SPACE\stm32ai-modelzoo-2.0.0\experiments_outputs\mlruns\346417397403045321\869c39689ac44b8e93a8db73e3eb173e\artifacts\2025_01_14_13_40_50\.hydra
[2025-01-14 14:07:06,443][root][INFO] - copying E:\hjTan\Documents\CODE_SPACE\stm32ai-modelzoo-2.0.0\experiments_outputs\2025_01_14_13_40_50\EmbeddedNetV1_width0.5.png -> E:\hjTan\Documents\CODE_SPACE\stm32ai-modelzoo-2.0.0\experiments_outputs\mlruns\346417397403045321\869c39689ac44b8e93a8db73e3eb173e\artifacts\2025_01_14_13_40_50
[2025-01-14 14:07:06,443][root][INFO] - copying E:\hjTan\Documents\CODE_SPACE\stm32ai-modelzoo-2.0.0\experiments_outputs\2025_01_14_13_40_50\float_model_confusion_matrix_validation_set.png -> E:\hjTan\Documents\CODE_SPACE\stm32ai-modelzoo-2.0.0\experiments_outputs\mlruns\346417397403045321\869c39689ac44b8e93a8db73e3eb173e\artifacts\2025_01_14_13_40_50
[2025-01-14 14:07:06,443][root][INFO] - copying E:\hjTan\Documents\CODE_SPACE\stm32ai-modelzoo-2.0.0\experiments_outputs\2025_01_14_13_40_50\layers.png -> E:\hjTan\Documents\CODE_SPACE\stm32ai-modelzoo-2.0.0\experiments_outputs\mlruns\346417397403045321\869c39689ac44b8e93a8db73e3eb173e\artifacts\2025_01_14_13_40_50
[2025-01-14 14:07:06,446][root][INFO] - creating E:\hjTan\Documents\CODE_SPACE\stm32ai-modelzoo-2.0.0\experiments_outputs\mlruns\346417397403045321\869c39689ac44b8e93a8db73e3eb173e\artifacts\2025_01_14_13_40_50\logs
[2025-01-14 14:07:06,448][root][INFO] - creating E:\hjTan\Documents\CODE_SPACE\stm32ai-modelzoo-2.0.0\experiments_outputs\mlruns\346417397403045321\869c39689ac44b8e93a8db73e3eb173e\artifacts\2025_01_14_13_40_50\logs\metrics
[2025-01-14 14:07:06,448][root][INFO] - copying E:\hjTan\Documents\CODE_SPACE\stm32ai-modelzoo-2.0.0\experiments_outputs\2025_01_14_13_40_50\logs\metrics\events.out.tfevents.1736829669.THJ-PC.101156.0.v2 -> E:\hjTan\Documents\CODE_SPACE\stm32ai-modelzoo-2.0.0\experiments_outputs\mlruns\346417397403045321\869c39689ac44b8e93a8db73e3eb173e\artifacts\2025_01_14_13_40_50\logs\metrics
[2025-01-14 14:07:06,450][root][INFO] - copying E:\hjTan\Documents\CODE_SPACE\stm32ai-modelzoo-2.0.0\experiments_outputs\2025_01_14_13_40_50\logs\metrics\train_metrics.csv -> E:\hjTan\Documents\CODE_SPACE\stm32ai-modelzoo-2.0.0\experiments_outputs\mlruns\346417397403045321\869c39689ac44b8e93a8db73e3eb173e\artifacts\2025_01_14_13_40_50\logs\metrics
[2025-01-14 14:07:06,451][root][INFO] - creating E:\hjTan\Documents\CODE_SPACE\stm32ai-modelzoo-2.0.0\experiments_outputs\mlruns\346417397403045321\869c39689ac44b8e93a8db73e3eb173e\artifacts\2025_01_14_13_40_50\logs\train
[2025-01-14 14:07:06,452][root][INFO] - copying E:\hjTan\Documents\CODE_SPACE\stm32ai-modelzoo-2.0.0\experiments_outputs\2025_01_14_13_40_50\logs\train\events.out.tfevents.1736829669.THJ-PC.101156.1.v2 -> E:\hjTan\Documents\CODE_SPACE\stm32ai-modelzoo-2.0.0\experiments_outputs\mlruns\346417397403045321\869c39689ac44b8e93a8db73e3eb173e\artifacts\2025_01_14_13_40_50\logs\train
[2025-01-14 14:07:06,452][root][INFO] - creating E:\hjTan\Documents\CODE_SPACE\stm32ai-modelzoo-2.0.0\experiments_outputs\mlruns\346417397403045321\869c39689ac44b8e93a8db73e3eb173e\artifacts\2025_01_14_13_40_50\logs\validation
[2025-01-14 14:07:06,452][root][INFO] - copying E:\hjTan\Documents\CODE_SPACE\stm32ai-modelzoo-2.0.0\experiments_outputs\2025_01_14_13_40_50\logs\validation\events.out.tfevents.1736829687.THJ-PC.101156.2.v2 -> E:\hjTan\Documents\CODE_SPACE\stm32ai-modelzoo-2.0.0\experiments_outputs\mlruns\346417397403045321\869c39689ac44b8e93a8db73e3eb173e\artifacts\2025_01_14_13_40_50\logs\validation
[2025-01-14 14:07:06,455][root][INFO] - creating E:\hjTan\Documents\CODE_SPACE\stm32ai-modelzoo-2.0.0\experiments_outputs\mlruns\346417397403045321\869c39689ac44b8e93a8db73e3eb173e\artifacts\2025_01_14_13_40_50\saved_models
[2025-01-14 14:07:06,456][root][INFO] - copying E:\hjTan\Documents\CODE_SPACE\stm32ai-modelzoo-2.0.0\experiments_outputs\2025_01_14_13_40_50\saved_models\best_augmented_model.h5 -> E:\hjTan\Documents\CODE_SPACE\stm32ai-modelzoo-2.0.0\experiments_outputs\mlruns\346417397403045321\869c39689ac44b8e93a8db73e3eb173e\artifacts\2025_01_14_13_40_50\saved_models
[2025-01-14 14:07:06,459][root][INFO] - copying E:\hjTan\Documents\CODE_SPACE\stm32ai-modelzoo-2.0.0\experiments_outputs\2025_01_14_13_40_50\saved_models\best_model.h5 -> E:\hjTan\Documents\CODE_SPACE\stm32ai-modelzoo-2.0.0\experiments_outputs\mlruns\346417397403045321\869c39689ac44b8e93a8db73e3eb173e\artifacts\2025_01_14_13_40_50\saved_models
[2025-01-14 14:07:06,461][root][INFO] - copying E:\hjTan\Documents\CODE_SPACE\stm32ai-modelzoo-2.0.0\experiments_outputs\2025_01_14_13_40_50\saved_models\last_augmented_model.h5 -> E:\hjTan\Documents\CODE_SPACE\stm32ai-modelzoo-2.0.0\experiments_outputs\mlruns\346417397403045321\869c39689ac44b8e93a8db73e3eb173e\artifacts\2025_01_14_13_40_50\saved_models
[2025-01-14 14:07:06,463][root][INFO] - copying E:\hjTan\Documents\CODE_SPACE\stm32ai-modelzoo-2.0.0\experiments_outputs\2025_01_14_13_40_50\stm32ai_main.log -> E:\hjTan\Documents\CODE_SPACE\stm32ai-modelzoo-2.0.0\experiments_outputs\mlruns\346417397403045321\869c39689ac44b8e93a8db73e3eb173e\artifacts\2025_01_14_13_40_50
[2025-01-14 14:07:06,465][root][INFO] - copying E:\hjTan\Documents\CODE_SPACE\stm32ai-modelzoo-2.0.0\experiments_outputs\2025_01_14_13_40_50\Training_curves.png -> E:\hjTan\Documents\CODE_SPACE\stm32ai-modelzoo-2.0.0\experiments_outputs\mlruns\346417397403045321\869c39689ac44b8e93a8db73e3eb173e\artifacts\2025_01_14_13_40_50
Stm32ai version : 8.1.0
Benchmarking board : NUCLEO-H743ZI2
RAM Activations : 592.41 KiB
Flash weights : 1022.43 KiB
MACCs : 19.846 M

Quantized model :
Accuracy of quantized model : 98.29 %
Stm32ai version : 8.1.0
Benchmarking board : NUCLEO-H743ZI2
RAM Activations : 152.93 KiB
Flash weights : 265.81 KiB
MACCs : 19.2 M
