Model name : squeezenet
Dataset : Rice_Single_leaf_blade_OOD
[2025-01-05 15:57:47,014][root][INFO] - creating E:\hjTan\Documents\CODE_SPACE\stm32ai-modelzoo-2.0.0\experiments_outputs\mlruns\346417397403045321\e4c4ae87bf9745ed968a82bf35c1b1a6\artifacts\tensorboard_logs\metrics
[2025-01-05 15:57:47,018][root][INFO] - copying E:\hjTan\Documents\CODE_SPACE\stm32ai-modelzoo-2.0.0\experiments_outputs\2025_01_05_15_30_06\logs\metrics\events.out.tfevents.1736058614.THJ-PC.19576.0.v2 -> E:\hjTan\Documents\CODE_SPACE\stm32ai-modelzoo-2.0.0\experiments_outputs\mlruns\346417397403045321\e4c4ae87bf9745ed968a82bf35c1b1a6\artifacts\tensorboard_logs\metrics
[2025-01-05 15:57:47,019][root][INFO] - copying E:\hjTan\Documents\CODE_SPACE\stm32ai-modelzoo-2.0.0\experiments_outputs\2025_01_05_15_30_06\logs\metrics\train_metrics.csv -> E:\hjTan\Documents\CODE_SPACE\stm32ai-modelzoo-2.0.0\experiments_outputs\mlruns\346417397403045321\e4c4ae87bf9745ed968a82bf35c1b1a6\artifacts\tensorboard_logs\metrics
[2025-01-05 15:57:47,020][root][INFO] - creating E:\hjTan\Documents\CODE_SPACE\stm32ai-modelzoo-2.0.0\experiments_outputs\mlruns\346417397403045321\e4c4ae87bf9745ed968a82bf35c1b1a6\artifacts\tensorboard_logs\train
[2025-01-05 15:57:47,021][root][INFO] - copying E:\hjTan\Documents\CODE_SPACE\stm32ai-modelzoo-2.0.0\experiments_outputs\2025_01_05_15_30_06\logs\train\events.out.tfevents.1736058614.THJ-PC.19576.1.v2 -> E:\hjTan\Documents\CODE_SPACE\stm32ai-modelzoo-2.0.0\experiments_outputs\mlruns\346417397403045321\e4c4ae87bf9745ed968a82bf35c1b1a6\artifacts\tensorboard_logs\train
[2025-01-05 15:57:47,022][root][INFO] - creating E:\hjTan\Documents\CODE_SPACE\stm32ai-modelzoo-2.0.0\experiments_outputs\mlruns\346417397403045321\e4c4ae87bf9745ed968a82bf35c1b1a6\artifacts\tensorboard_logs\validation
[2025-01-05 15:57:47,024][root][INFO] - copying E:\hjTan\Documents\CODE_SPACE\stm32ai-modelzoo-2.0.0\experiments_outputs\2025_01_05_15_30_06\logs\validation\events.out.tfevents.1736058647.THJ-PC.19576.2.v2 -> E:\hjTan\Documents\CODE_SPACE\stm32ai-modelzoo-2.0.0\experiments_outputs\mlruns\346417397403045321\e4c4ae87bf9745ed968a82bf35c1b1a6\artifacts\tensorboard_logs\validation

The last epoch history :
['epoch', 'accuracy', 'loss', 'lr', 'val_accuracy', 'val_loss']
['99', '0.875923216342926', '0.3169909715652466', '0.001', '0.8828740119934082', '0.3034244477748871']

Training runtime : 1652 s
Average time per epoch : 16.52 s

Float model :
Accuracy of float model : 90.06 %
Loss of float model : 0.28 
[2025-01-05 15:57:50,597][root][INFO] - creating E:\hjTan\Documents\CODE_SPACE\stm32ai-modelzoo-2.0.0\experiments_outputs\mlruns\346417397403045321\e4c4ae87bf9745ed968a82bf35c1b1a6\artifacts\2025_01_05_15_30_06\.hydra
[2025-01-05 15:57:50,603][root][INFO] - copying E:\hjTan\Documents\CODE_SPACE\stm32ai-modelzoo-2.0.0\experiments_outputs\2025_01_05_15_30_06\.hydra\config.yaml -> E:\hjTan\Documents\CODE_SPACE\stm32ai-modelzoo-2.0.0\experiments_outputs\mlruns\346417397403045321\e4c4ae87bf9745ed968a82bf35c1b1a6\artifacts\2025_01_05_15_30_06\.hydra
[2025-01-05 15:57:50,604][root][INFO] - copying E:\hjTan\Documents\CODE_SPACE\stm32ai-modelzoo-2.0.0\experiments_outputs\2025_01_05_15_30_06\.hydra\hydra.yaml -> E:\hjTan\Documents\CODE_SPACE\stm32ai-modelzoo-2.0.0\experiments_outputs\mlruns\346417397403045321\e4c4ae87bf9745ed968a82bf35c1b1a6\artifacts\2025_01_05_15_30_06\.hydra
[2025-01-05 15:57:50,605][root][INFO] - copying E:\hjTan\Documents\CODE_SPACE\stm32ai-modelzoo-2.0.0\experiments_outputs\2025_01_05_15_30_06\.hydra\overrides.yaml -> E:\hjTan\Documents\CODE_SPACE\stm32ai-modelzoo-2.0.0\experiments_outputs\mlruns\346417397403045321\e4c4ae87bf9745ed968a82bf35c1b1a6\artifacts\2025_01_05_15_30_06\.hydra
[2025-01-05 15:57:50,606][root][INFO] - copying E:\hjTan\Documents\CODE_SPACE\stm32ai-modelzoo-2.0.0\experiments_outputs\2025_01_05_15_30_06\float_model_confusion_matrix_validation_set.png -> E:\hjTan\Documents\CODE_SPACE\stm32ai-modelzoo-2.0.0\experiments_outputs\mlruns\346417397403045321\e4c4ae87bf9745ed968a82bf35c1b1a6\artifacts\2025_01_05_15_30_06
[2025-01-05 15:57:50,607][root][INFO] - copying E:\hjTan\Documents\CODE_SPACE\stm32ai-modelzoo-2.0.0\experiments_outputs\2025_01_05_15_30_06\layers.png -> E:\hjTan\Documents\CODE_SPACE\stm32ai-modelzoo-2.0.0\experiments_outputs\mlruns\346417397403045321\e4c4ae87bf9745ed968a82bf35c1b1a6\artifacts\2025_01_05_15_30_06
[2025-01-05 15:57:50,608][root][INFO] - creating E:\hjTan\Documents\CODE_SPACE\stm32ai-modelzoo-2.0.0\experiments_outputs\mlruns\346417397403045321\e4c4ae87bf9745ed968a82bf35c1b1a6\artifacts\2025_01_05_15_30_06\logs
[2025-01-05 15:57:50,609][root][INFO] - creating E:\hjTan\Documents\CODE_SPACE\stm32ai-modelzoo-2.0.0\experiments_outputs\mlruns\346417397403045321\e4c4ae87bf9745ed968a82bf35c1b1a6\artifacts\2025_01_05_15_30_06\logs\metrics
[2025-01-05 15:57:50,610][root][INFO] - copying E:\hjTan\Documents\CODE_SPACE\stm32ai-modelzoo-2.0.0\experiments_outputs\2025_01_05_15_30_06\logs\metrics\events.out.tfevents.1736058614.THJ-PC.19576.0.v2 -> E:\hjTan\Documents\CODE_SPACE\stm32ai-modelzoo-2.0.0\experiments_outputs\mlruns\346417397403045321\e4c4ae87bf9745ed968a82bf35c1b1a6\artifacts\2025_01_05_15_30_06\logs\metrics
[2025-01-05 15:57:50,611][root][INFO] - copying E:\hjTan\Documents\CODE_SPACE\stm32ai-modelzoo-2.0.0\experiments_outputs\2025_01_05_15_30_06\logs\metrics\train_metrics.csv -> E:\hjTan\Documents\CODE_SPACE\stm32ai-modelzoo-2.0.0\experiments_outputs\mlruns\346417397403045321\e4c4ae87bf9745ed968a82bf35c1b1a6\artifacts\2025_01_05_15_30_06\logs\metrics
[2025-01-05 15:57:50,612][root][INFO] - creating E:\hjTan\Documents\CODE_SPACE\stm32ai-modelzoo-2.0.0\experiments_outputs\mlruns\346417397403045321\e4c4ae87bf9745ed968a82bf35c1b1a6\artifacts\2025_01_05_15_30_06\logs\train
[2025-01-05 15:57:50,615][root][INFO] - copying E:\hjTan\Documents\CODE_SPACE\stm32ai-modelzoo-2.0.0\experiments_outputs\2025_01_05_15_30_06\logs\train\events.out.tfevents.1736058614.THJ-PC.19576.1.v2 -> E:\hjTan\Documents\CODE_SPACE\stm32ai-modelzoo-2.0.0\experiments_outputs\mlruns\346417397403045321\e4c4ae87bf9745ed968a82bf35c1b1a6\artifacts\2025_01_05_15_30_06\logs\train
[2025-01-05 15:57:50,616][root][INFO] - creating E:\hjTan\Documents\CODE_SPACE\stm32ai-modelzoo-2.0.0\experiments_outputs\mlruns\346417397403045321\e4c4ae87bf9745ed968a82bf35c1b1a6\artifacts\2025_01_05_15_30_06\logs\validation
[2025-01-05 15:57:50,617][root][INFO] - copying E:\hjTan\Documents\CODE_SPACE\stm32ai-modelzoo-2.0.0\experiments_outputs\2025_01_05_15_30_06\logs\validation\events.out.tfevents.1736058647.THJ-PC.19576.2.v2 -> E:\hjTan\Documents\CODE_SPACE\stm32ai-modelzoo-2.0.0\experiments_outputs\mlruns\346417397403045321\e4c4ae87bf9745ed968a82bf35c1b1a6\artifacts\2025_01_05_15_30_06\logs\validation
[2025-01-05 15:57:50,618][root][INFO] - creating E:\hjTan\Documents\CODE_SPACE\stm32ai-modelzoo-2.0.0\experiments_outputs\mlruns\346417397403045321\e4c4ae87bf9745ed968a82bf35c1b1a6\artifacts\2025_01_05_15_30_06\saved_models
[2025-01-05 15:57:50,618][root][INFO] - copying E:\hjTan\Documents\CODE_SPACE\stm32ai-modelzoo-2.0.0\experiments_outputs\2025_01_05_15_30_06\saved_models\best_augmented_model.h5 -> E:\hjTan\Documents\CODE_SPACE\stm32ai-modelzoo-2.0.0\experiments_outputs\mlruns\346417397403045321\e4c4ae87bf9745ed968a82bf35c1b1a6\artifacts\2025_01_05_15_30_06\saved_models
[2025-01-05 15:57:50,618][root][INFO] - copying E:\hjTan\Documents\CODE_SPACE\stm32ai-modelzoo-2.0.0\experiments_outputs\2025_01_05_15_30_06\saved_models\best_model.h5 -> E:\hjTan\Documents\CODE_SPACE\stm32ai-modelzoo-2.0.0\experiments_outputs\mlruns\346417397403045321\e4c4ae87bf9745ed968a82bf35c1b1a6\artifacts\2025_01_05_15_30_06\saved_models
[2025-01-05 15:57:50,629][root][INFO] - copying E:\hjTan\Documents\CODE_SPACE\stm32ai-modelzoo-2.0.0\experiments_outputs\2025_01_05_15_30_06\saved_models\last_augmented_model.h5 -> E:\hjTan\Documents\CODE_SPACE\stm32ai-modelzoo-2.0.0\experiments_outputs\mlruns\346417397403045321\e4c4ae87bf9745ed968a82bf35c1b1a6\artifacts\2025_01_05_15_30_06\saved_models
[2025-01-05 15:57:50,633][root][INFO] - copying E:\hjTan\Documents\CODE_SPACE\stm32ai-modelzoo-2.0.0\experiments_outputs\2025_01_05_15_30_06\SqueezeNet_v1.1.png -> E:\hjTan\Documents\CODE_SPACE\stm32ai-modelzoo-2.0.0\experiments_outputs\mlruns\346417397403045321\e4c4ae87bf9745ed968a82bf35c1b1a6\artifacts\2025_01_05_15_30_06
[2025-01-05 15:57:50,636][root][INFO] - copying E:\hjTan\Documents\CODE_SPACE\stm32ai-modelzoo-2.0.0\experiments_outputs\2025_01_05_15_30_06\stm32ai_main.log -> E:\hjTan\Documents\CODE_SPACE\stm32ai-modelzoo-2.0.0\experiments_outputs\mlruns\346417397403045321\e4c4ae87bf9745ed968a82bf35c1b1a6\artifacts\2025_01_05_15_30_06
[2025-01-05 15:57:50,637][root][INFO] - copying E:\hjTan\Documents\CODE_SPACE\stm32ai-modelzoo-2.0.0\experiments_outputs\2025_01_05_15_30_06\Training_curves.png -> E:\hjTan\Documents\CODE_SPACE\stm32ai-modelzoo-2.0.0\experiments_outputs\mlruns\346417397403045321\e4c4ae87bf9745ed968a82bf35c1b1a6\artifacts\2025_01_05_15_30_06
Stm32ai version : 8.1.0
Benchmarking board : NUCLEO-H743ZI2
RAM Activations : 3152.38 KiB
Flash weights : 2832.27 KiB
MACCs : 268.453 M

Quantized model :
Accuracy of quantized model : 84.55 %
Stm32ai version : 8.1.0
Benchmarking board : NUCLEO-H743ZI2
RAM Activations : 756.25 KiB
Flash weights : 716.71 KiB
MACCs : 266.333 M
