Model name : mobilenet
Dataset : Rice_Leaf_Disease
[2025-01-05 10:33:59,787][tensorflow][WARNING] - Callback method `on_train_batch_end` is slow compared to the batch time (batch time: 0.0289s vs `on_train_batch_end` time: 0.1017s). Check your callbacks.
[2025-01-05 12:16:13,094][root][INFO] - creating E:\hjTan\Documents\CODE_SPACE\stm32ai-modelzoo-2.0.0\experiments_outputs\mlruns\346417397403045321\653929b3fc3a49a9941de899816123a1\artifacts\tensorboard_logs\metrics
[2025-01-05 12:16:13,097][root][INFO] - copying E:\hjTan\Documents\CODE_SPACE\stm32ai-modelzoo-2.0.0\experiments_outputs\2025_01_05_10_33_30\logs\metrics\events.out.tfevents.1736040833.THJ-PC.16680.0.v2 -> E:\hjTan\Documents\CODE_SPACE\stm32ai-modelzoo-2.0.0\experiments_outputs\mlruns\346417397403045321\653929b3fc3a49a9941de899816123a1\artifacts\tensorboard_logs\metrics
[2025-01-05 12:16:13,098][root][INFO] - copying E:\hjTan\Documents\CODE_SPACE\stm32ai-modelzoo-2.0.0\experiments_outputs\2025_01_05_10_33_30\logs\metrics\train_metrics.csv -> E:\hjTan\Documents\CODE_SPACE\stm32ai-modelzoo-2.0.0\experiments_outputs\mlruns\346417397403045321\653929b3fc3a49a9941de899816123a1\artifacts\tensorboard_logs\metrics
[2025-01-05 12:16:13,099][root][INFO] - creating E:\hjTan\Documents\CODE_SPACE\stm32ai-modelzoo-2.0.0\experiments_outputs\mlruns\346417397403045321\653929b3fc3a49a9941de899816123a1\artifacts\tensorboard_logs\train
[2025-01-05 12:16:13,100][root][INFO] - copying E:\hjTan\Documents\CODE_SPACE\stm32ai-modelzoo-2.0.0\experiments_outputs\2025_01_05_10_33_30\logs\train\events.out.tfevents.1736040833.THJ-PC.16680.1.v2 -> E:\hjTan\Documents\CODE_SPACE\stm32ai-modelzoo-2.0.0\experiments_outputs\mlruns\346417397403045321\653929b3fc3a49a9941de899816123a1\artifacts\tensorboard_logs\train
[2025-01-05 12:16:13,101][root][INFO] - creating E:\hjTan\Documents\CODE_SPACE\stm32ai-modelzoo-2.0.0\experiments_outputs\mlruns\346417397403045321\653929b3fc3a49a9941de899816123a1\artifacts\tensorboard_logs\validation
[2025-01-05 12:16:13,101][root][INFO] - copying E:\hjTan\Documents\CODE_SPACE\stm32ai-modelzoo-2.0.0\experiments_outputs\2025_01_05_10_33_30\logs\validation\events.out.tfevents.1736040882.THJ-PC.16680.2.v2 -> E:\hjTan\Documents\CODE_SPACE\stm32ai-modelzoo-2.0.0\experiments_outputs\mlruns\346417397403045321\653929b3fc3a49a9941de899816123a1\artifacts\tensorboard_logs\validation

The last epoch history :
['epoch', 'accuracy', 'loss', 'lr', 'val_accuracy', 'val_loss']
['99', '0.9831997156143188', '0.04831119626760483', '0.001', '0.9534429907798767', '0.1819787323474884']

Training runtime : 6139 s
Average time per epoch : 61.39 s

Float model :
Accuracy of float model : 96.24 %
Loss of float model : 0.17 
[2025-01-05 12:16:24,010][root][INFO] - creating E:\hjTan\Documents\CODE_SPACE\stm32ai-modelzoo-2.0.0\experiments_outputs\mlruns\346417397403045321\653929b3fc3a49a9941de899816123a1\artifacts\2025_01_05_10_33_30\.hydra
[2025-01-05 12:16:24,011][root][INFO] - copying E:\hjTan\Documents\CODE_SPACE\stm32ai-modelzoo-2.0.0\experiments_outputs\2025_01_05_10_33_30\.hydra\config.yaml -> E:\hjTan\Documents\CODE_SPACE\stm32ai-modelzoo-2.0.0\experiments_outputs\mlruns\346417397403045321\653929b3fc3a49a9941de899816123a1\artifacts\2025_01_05_10_33_30\.hydra
[2025-01-05 12:16:24,012][root][INFO] - copying E:\hjTan\Documents\CODE_SPACE\stm32ai-modelzoo-2.0.0\experiments_outputs\2025_01_05_10_33_30\.hydra\hydra.yaml -> E:\hjTan\Documents\CODE_SPACE\stm32ai-modelzoo-2.0.0\experiments_outputs\mlruns\346417397403045321\653929b3fc3a49a9941de899816123a1\artifacts\2025_01_05_10_33_30\.hydra
[2025-01-05 12:16:24,013][root][INFO] - copying E:\hjTan\Documents\CODE_SPACE\stm32ai-modelzoo-2.0.0\experiments_outputs\2025_01_05_10_33_30\.hydra\overrides.yaml -> E:\hjTan\Documents\CODE_SPACE\stm32ai-modelzoo-2.0.0\experiments_outputs\mlruns\346417397403045321\653929b3fc3a49a9941de899816123a1\artifacts\2025_01_05_10_33_30\.hydra
[2025-01-05 12:16:24,014][root][INFO] - copying E:\hjTan\Documents\CODE_SPACE\stm32ai-modelzoo-2.0.0\experiments_outputs\2025_01_05_10_33_30\float_model_confusion_matrix_validation_set.png -> E:\hjTan\Documents\CODE_SPACE\stm32ai-modelzoo-2.0.0\experiments_outputs\mlruns\346417397403045321\653929b3fc3a49a9941de899816123a1\artifacts\2025_01_05_10_33_30
[2025-01-05 12:16:24,015][root][INFO] - copying E:\hjTan\Documents\CODE_SPACE\stm32ai-modelzoo-2.0.0\experiments_outputs\2025_01_05_10_33_30\layers.png -> E:\hjTan\Documents\CODE_SPACE\stm32ai-modelzoo-2.0.0\experiments_outputs\mlruns\346417397403045321\653929b3fc3a49a9941de899816123a1\artifacts\2025_01_05_10_33_30
[2025-01-05 12:16:24,016][root][INFO] - creating E:\hjTan\Documents\CODE_SPACE\stm32ai-modelzoo-2.0.0\experiments_outputs\mlruns\346417397403045321\653929b3fc3a49a9941de899816123a1\artifacts\2025_01_05_10_33_30\logs
[2025-01-05 12:16:24,017][root][INFO] - creating E:\hjTan\Documents\CODE_SPACE\stm32ai-modelzoo-2.0.0\experiments_outputs\mlruns\346417397403045321\653929b3fc3a49a9941de899816123a1\artifacts\2025_01_05_10_33_30\logs\metrics
[2025-01-05 12:16:24,018][root][INFO] - copying E:\hjTan\Documents\CODE_SPACE\stm32ai-modelzoo-2.0.0\experiments_outputs\2025_01_05_10_33_30\logs\metrics\events.out.tfevents.1736040833.THJ-PC.16680.0.v2 -> E:\hjTan\Documents\CODE_SPACE\stm32ai-modelzoo-2.0.0\experiments_outputs\mlruns\346417397403045321\653929b3fc3a49a9941de899816123a1\artifacts\2025_01_05_10_33_30\logs\metrics
[2025-01-05 12:16:24,019][root][INFO] - copying E:\hjTan\Documents\CODE_SPACE\stm32ai-modelzoo-2.0.0\experiments_outputs\2025_01_05_10_33_30\logs\metrics\train_metrics.csv -> E:\hjTan\Documents\CODE_SPACE\stm32ai-modelzoo-2.0.0\experiments_outputs\mlruns\346417397403045321\653929b3fc3a49a9941de899816123a1\artifacts\2025_01_05_10_33_30\logs\metrics
[2025-01-05 12:16:24,019][root][INFO] - creating E:\hjTan\Documents\CODE_SPACE\stm32ai-modelzoo-2.0.0\experiments_outputs\mlruns\346417397403045321\653929b3fc3a49a9941de899816123a1\artifacts\2025_01_05_10_33_30\logs\train
[2025-01-05 12:16:24,020][root][INFO] - copying E:\hjTan\Documents\CODE_SPACE\stm32ai-modelzoo-2.0.0\experiments_outputs\2025_01_05_10_33_30\logs\train\events.out.tfevents.1736040833.THJ-PC.16680.1.v2 -> E:\hjTan\Documents\CODE_SPACE\stm32ai-modelzoo-2.0.0\experiments_outputs\mlruns\346417397403045321\653929b3fc3a49a9941de899816123a1\artifacts\2025_01_05_10_33_30\logs\train
[2025-01-05 12:16:24,021][root][INFO] - creating E:\hjTan\Documents\CODE_SPACE\stm32ai-modelzoo-2.0.0\experiments_outputs\mlruns\346417397403045321\653929b3fc3a49a9941de899816123a1\artifacts\2025_01_05_10_33_30\logs\validation
[2025-01-05 12:16:24,022][root][INFO] - copying E:\hjTan\Documents\CODE_SPACE\stm32ai-modelzoo-2.0.0\experiments_outputs\2025_01_05_10_33_30\logs\validation\events.out.tfevents.1736040882.THJ-PC.16680.2.v2 -> E:\hjTan\Documents\CODE_SPACE\stm32ai-modelzoo-2.0.0\experiments_outputs\mlruns\346417397403045321\653929b3fc3a49a9941de899816123a1\artifacts\2025_01_05_10_33_30\logs\validation
[2025-01-05 12:16:24,024][root][INFO] - copying E:\hjTan\Documents\CODE_SPACE\stm32ai-modelzoo-2.0.0\experiments_outputs\2025_01_05_10_33_30\mobilenet_v2_alpha_0.25.png -> E:\hjTan\Documents\CODE_SPACE\stm32ai-modelzoo-2.0.0\experiments_outputs\mlruns\346417397403045321\653929b3fc3a49a9941de899816123a1\artifacts\2025_01_05_10_33_30
[2025-01-05 12:16:24,025][root][INFO] - creating E:\hjTan\Documents\CODE_SPACE\stm32ai-modelzoo-2.0.0\experiments_outputs\mlruns\346417397403045321\653929b3fc3a49a9941de899816123a1\artifacts\2025_01_05_10_33_30\saved_models
[2025-01-05 12:16:24,026][root][INFO] - copying E:\hjTan\Documents\CODE_SPACE\stm32ai-modelzoo-2.0.0\experiments_outputs\2025_01_05_10_33_30\saved_models\best_augmented_model.h5 -> E:\hjTan\Documents\CODE_SPACE\stm32ai-modelzoo-2.0.0\experiments_outputs\mlruns\346417397403045321\653929b3fc3a49a9941de899816123a1\artifacts\2025_01_05_10_33_30\saved_models
[2025-01-05 12:16:24,030][root][INFO] - copying E:\hjTan\Documents\CODE_SPACE\stm32ai-modelzoo-2.0.0\experiments_outputs\2025_01_05_10_33_30\saved_models\best_model.h5 -> E:\hjTan\Documents\CODE_SPACE\stm32ai-modelzoo-2.0.0\experiments_outputs\mlruns\346417397403045321\653929b3fc3a49a9941de899816123a1\artifacts\2025_01_05_10_33_30\saved_models
[2025-01-05 12:16:24,032][root][INFO] - copying E:\hjTan\Documents\CODE_SPACE\stm32ai-modelzoo-2.0.0\experiments_outputs\2025_01_05_10_33_30\saved_models\last_augmented_model.h5 -> E:\hjTan\Documents\CODE_SPACE\stm32ai-modelzoo-2.0.0\experiments_outputs\mlruns\346417397403045321\653929b3fc3a49a9941de899816123a1\artifacts\2025_01_05_10_33_30\saved_models
[2025-01-05 12:16:24,035][root][INFO] - copying E:\hjTan\Documents\CODE_SPACE\stm32ai-modelzoo-2.0.0\experiments_outputs\2025_01_05_10_33_30\stm32ai_main.log -> E:\hjTan\Documents\CODE_SPACE\stm32ai-modelzoo-2.0.0\experiments_outputs\mlruns\346417397403045321\653929b3fc3a49a9941de899816123a1\artifacts\2025_01_05_10_33_30
[2025-01-05 12:16:24,036][root][INFO] - copying E:\hjTan\Documents\CODE_SPACE\stm32ai-modelzoo-2.0.0\experiments_outputs\2025_01_05_10_33_30\Training_curves.png -> E:\hjTan\Documents\CODE_SPACE\stm32ai-modelzoo-2.0.0\experiments_outputs\mlruns\346417397403045321\653929b3fc3a49a9941de899816123a1\artifacts\2025_01_05_10_33_30
Stm32ai version : 8.1.0
Benchmarking board : NUCLEO-H743ZI2
RAM Activations : 2401.19 KiB
Flash weights : 959.35 KiB
MACCs : 40.307 M

Quantized model :
Accuracy of quantized model : 96.21 %
Stm32ai version : 8.1.0
Benchmarking board : NUCLEO-H743ZI2
RAM Activations : 606.92 KiB
Flash weights : 255.48 KiB
MACCs : 36.464 M
